Log file open, 03/12/22 20:43:30
LogWindows: Failed to load 'aqProf.dll' (GetLastError=126)
LogWindows: File 'aqProf.dll' does not exist
LogWindows: Failed to load 'VtuneApi.dll' (GetLastError=126)
LogWindows: File 'VtuneApi.dll' does not exist
LogWindows: Failed to load 'VtuneApi32e.dll' (GetLastError=126)
LogWindows: File 'VtuneApi32e.dll' does not exist
LogConsoleResponse: Display: Failed to find resolution value strings in scalability ini. Falling back to default.
LogConsoleResponse: Display: Failed to find resolution value strings in scalability ini. Falling back to default.
LogInit: Display: Running engine for game: ToonTanks
LogPlatformFile: Not using cached read wrapper
LogTaskGraph: Started task graph with 5 named threads and 35 total threads with 3 sets of task threads.
LogStats: Stats thread started at 0.286008
LogICUInternationalization: ICU TimeZone Detection - Raw Offset: +3:00, Platform Override: ''
LogInit: Display: Loading text-based GConfig....
LogPluginManager: Mounting plugin MeshPainting
LogPluginManager: Mounting plugin XGEController
LogPluginManager: Mounting plugin Paper2D
LogPluginManager: Mounting plugin EnvironmentQueryEditor
LogPluginManager: Mounting plugin AISupport
LogPluginManager: Mounting plugin LightPropagationVolume
LogPluginManager: Mounting plugin GameplayCameras
LogPluginManager: Mounting plugin CameraShakePreviewer
LogPluginManager: Mounting plugin AnimationSharing
LogPluginManager: Mounting plugin CLionSourceCodeAccess
LogPluginManager: Mounting plugin CodeLiteSourceCodeAccess
LogPluginManager: Mounting plugin GitSourceControl
LogPluginManager: Mounting plugin KDevelopSourceCodeAccess
LogPluginManager: Mounting plugin NullSourceCodeAccess
LogPluginManager: Mounting plugin PerforceSourceControl
LogPluginManager: Mounting plugin PlasticSourceControl
LogPluginManager: Mounting plugin PixWinPlugin
LogPluginManager: Mounting plugin PluginUtils
LogPluginManager: Mounting plugin PropertyAccessNode
LogPluginManager: Mounting plugin RiderLink
LogPluginManager: Mounting plugin AssetManagerEditor
LogPluginManager: Mounting plugin RiderSourceCodeAccess
LogPluginManager: Mounting plugin SubversionSourceControl
LogPluginManager: Mounting plugin TextureFormatOodle
LogPluginManager: Mounting plugin CryptoKeys
LogPluginManager: Mounting plugin UObjectPlugin
LogPluginManager: Mounting plugin VisualStudioCodeSourceCodeAccess
LogPluginManager: Mounting plugin VisualStudioSourceCodeAccess
LogPluginManager: Mounting plugin XCodeSourceCodeAccess
LogPluginManager: Mounting plugin CurveEditorTools
LogPluginManager: Mounting plugin DataValidation
LogPluginManager: Mounting plugin FacialAnimation
LogPluginManager: Mounting plugin GeometryMode
LogPluginManager: Mounting plugin GameplayTagsEditor
LogPluginManager: Mounting plugin MacGraphicsSwitching
LogPluginManager: Mounting plugin DatasmithContent
LogPluginManager: Mounting plugin PluginBrowser
LogPluginManager: Mounting plugin MaterialAnalyzer
LogPluginManager: Mounting plugin SpeedTreeImporter
LogPluginManager: Mounting plugin MobileLauncherProfileWizard
LogPluginManager: Mounting plugin AlembicImporter
LogPluginManager: Mounting plugin AutomationUtils
LogPluginManager: Mounting plugin VariantManagerContent
LogPluginManager: Mounting plugin BackChannel
LogPluginManager: Mounting plugin ChaosClothEditor
LogPluginManager: Mounting plugin ChaosCloth
LogPluginManager: Mounting plugin ChaosEditor
LogPluginManager: Mounting plugin ChaosNiagara
LogPluginManager: Mounting plugin CharacterAI
LogPluginManager: Mounting plugin ChaosSolverPlugin
LogPluginManager: Mounting plugin GeometryCache
LogPluginManager: Mounting plugin GeometryCollectionPlugin
LogPluginManager: Mounting plugin GeometryProcessing
LogPluginManager: Mounting plugin OpenImageDenoise
LogPluginManager: Mounting plugin MotoSynth
LogPluginManager: Mounting plugin PlatformCrypto
LogPluginManager: Mounting plugin PlanarCut
LogPluginManager: Mounting plugin ProxyLODPlugin
LogPluginManager: Mounting plugin PythonScriptPlugin
LogPluginManager: Mounting plugin SkeletalReduction
LogPluginManager: Mounting plugin Niagara
LogPluginManager: Mounting plugin LuminPlatformFeatures
LogPluginManager: Mounting plugin MagicLeap
LogPluginManager: Mounting plugin MagicLeapLightEstimation
LogPluginManager: Mounting plugin MagicLeapMedia
LogPluginManager: Mounting plugin MagicLeapPassableWorld
LogPluginManager: Mounting plugin MLSDK
LogPluginManager: Mounting plugin AndroidMedia
LogPluginManager: Mounting plugin AvfMedia
LogPluginManager: Mounting plugin ImgMedia
LogPluginManager: Mounting plugin MediaCompositing
LogPluginManager: Mounting plugin MediaPlayerEditor
LogPluginManager: Mounting plugin WmfMedia
LogPluginManager: Mounting plugin WebMMedia
LogPluginManager: Mounting plugin TcpMessaging
LogPluginManager: Mounting plugin UdpMessaging
LogPluginManager: Mounting plugin LevelSequenceEditor
LogPluginManager: Mounting plugin MatineeToLevelSequence
LogPluginManager: Mounting plugin ActorSequence
LogPluginManager: Mounting plugin TemplateSequence
LogPluginManager: Mounting plugin OnlineSubsystem
LogPluginManager: Mounting plugin OnlineSubsystemNull
LogPluginManager: Mounting plugin OnlineSubsystemUtils
LogPluginManager: Mounting plugin LauncherChunkInstaller
LogPluginManager: Mounting plugin ActorLayerUtilities
LogPluginManager: Mounting plugin AndroidMoviePlayer
LogPluginManager: Mounting plugin AndroidDeviceProfileSelector
LogPluginManager: Mounting plugin AndroidPermission
LogPluginManager: Mounting plugin AppleImageUtils
LogPluginManager: Mounting plugin AppleMoviePlayer
LogPluginManager: Mounting plugin ArchVisCharacter
LogPluginManager: Mounting plugin AssetTags
LogPluginManager: Mounting plugin AudioCapture
LogPluginManager: Mounting plugin AudioSynesthesia
LogPluginManager: Mounting plugin CableComponent
LogPluginManager: Mounting plugin ChunkDownloader
LogPluginManager: Mounting plugin CustomMeshComponent
LogPluginManager: Mounting plugin EditableMesh
LogPluginManager: Mounting plugin ExampleDeviceProfileSelector
LogPluginManager: Mounting plugin GoogleCloudMessaging
LogPluginManager: Mounting plugin GooglePAD
LogPluginManager: Mounting plugin IOSDeviceProfileSelector
LogPluginManager: Mounting plugin LinuxDeviceProfileSelector
LogPluginManager: Mounting plugin LocationServicesBPLibrary
LogPluginManager: Mounting plugin MobilePatchingUtils
LogPluginManager: Mounting plugin OpenXR
LogPluginManager: Mounting plugin OpenXREyeTracker
LogPluginManager: Mounting plugin OpenXRHandTracking
LogPluginManager: Mounting plugin PhysXVehicles
LogPluginManager: Mounting plugin PostSplashScreen
LogPluginManager: Mounting plugin ProceduralMeshComponent
LogPluginManager: Mounting plugin PropertyAccessEditor
LogPluginManager: Mounting plugin SignificanceManager
LogPluginManager: Mounting plugin RuntimePhysXCooking
LogPluginManager: Mounting plugin SoundFields
LogPluginManager: Mounting plugin Synthesis
LogPluginManager: Mounting plugin WebMMoviePlayer
LogPluginManager: Mounting plugin ScreenshotTools
LogPluginManager: Mounting plugin WindowsMoviePlayer
LogPluginManager: Mounting plugin Takes
LogPluginManager: Mounting plugin LiveLink
LogPluginManager: Mounting plugin OodleData
LogPluginManager: Mounting plugin OodleNetwork
LogPluginManager: Mounting plugin ContentBrowserAssetDataSource
LogPluginManager: Mounting plugin ContentBrowserClassDataSource
LogPluginManager: Mounting plugin ContentBrowserFileDataSource
LogPluginManager: Mounting plugin OnlineSubsystemGooglePlay
LogPluginManager: Mounting plugin OnlineSubsystemIOS
LogPluginManager: Mounting plugin OculusVR
LogPluginManager: Mounting plugin SteamVR
PixWinPlugin: PIX capture plugin failed to initialize! Check that the process is launched from PIX.
LogInit: Using libcurl 7.55.1-DEV
LogInit:  - built for x86_64-pc-win32
LogInit:  - supports SSL with OpenSSL/1.1.1
LogInit:  - supports HTTP deflate (compression) using libz 1.2.8
LogInit:  - other features:
LogInit:      CURL_VERSION_SSL
LogInit:      CURL_VERSION_LIBZ
LogInit:      CURL_VERSION_IPV6
LogInit:      CURL_VERSION_ASYNCHDNS
LogInit:      CURL_VERSION_LARGEFILE
LogInit:      CURL_VERSION_IDN
LogInit:  CurlRequestOptions (configurable via config and command line):
LogInit:  - bVerifyPeer = true  - Libcurl will verify peer certificate
LogInit:  - bUseHttpProxy = false  - Libcurl will NOT use HTTP proxy
LogInit:  - bDontReuseConnections = false  - Libcurl will reuse connections
LogInit:  - MaxHostConnections = 16  - Libcurl will limit the number of connections to a host
LogInit:  - LocalHostAddr = Default
LogInit:  - BufferSize = 65536
LogOnline: OSS: Creating online subsystem instance for: NULL
LogInit: WinSock: version 1.1 (2.2), MaxSocks=32767, MaxUdp=65467
LogOnline: OSS: TryLoadSubsystemAndSetDefault: Loaded subsystem for module [NULL]
LogOculusPluginWrapper: OculusPlugin initialized successfully
LogHMD: Failed initializing OVRPlugin 1.59.0
LogInit: Build: ++UE4+Release-4.27-CL-18319896
LogInit: Engine Version: 4.27.2-18319896+++UE4+Release-4.27
LogInit: Compatible Engine Version: 4.27.0-17155196+++UE4+Release-4.27
LogInit: Net CL: 17155196
LogInit: OS: Windows 10 (Release 2009) (), CPU: Intel(R) Core(TM) i7-10750H CPU @ 2.60GHz, GPU: Intel(R) UHD Graphics
LogInit: Compiled (64-bit): Nov 30 2021 07:12:08
LogInit: Compiled with Visual C++: 19.24.28315.00
LogInit: Build Configuration: Development
LogInit: Branch Name: ++UE4+Release-4.27
LogInit: Command Line: 
LogInit: Base Directory: F:/EpicOyunlar/UE_4.27/Engine/Binaries/Win64/
LogInit: Allocator: TBB
LogInit: Installed Engine Build: 1
LogDevObjectVersion: Number of dev versions registered: 29
LogDevObjectVersion:   Dev-Blueprints (B0D832E4-1F89-4F0D-ACCF-7EB736FD4AA2): 10
LogDevObjectVersion:   Dev-Build (E1C64328-A22C-4D53-A36C-8E866417BD8C): 0
LogDevObjectVersion:   Dev-Core (375EC13C-06E4-48FB-B500-84F0262A717E): 4
LogDevObjectVersion:   Dev-Editor (E4B068ED-F494-42E9-A231-DA0B2E46BB41): 40
LogDevObjectVersion:   Dev-Framework (CFFC743F-43B0-4480-9391-14DF171D2073): 37
LogDevObjectVersion:   Dev-Mobile (B02B49B5-BB20-44E9-A304-32B752E40360): 3
LogDevObjectVersion:   Dev-Networking (A4E4105C-59A1-49B5-A7C5-40C4547EDFEE): 0
LogDevObjectVersion:   Dev-Online (39C831C9-5AE6-47DC-9A44-9C173E1C8E7C): 0
LogDevObjectVersion:   Dev-Physics (78F01B33-EBEA-4F98-B9B4-84EACCB95AA2): 14
LogDevObjectVersion:   Dev-Platform (6631380F-2D4D-43E0-8009-CF276956A95A): 0
LogDevObjectVersion:   Dev-Rendering (12F88B9F-8875-4AFC-A67C-D90C383ABD29): 45
LogDevObjectVersion:   Dev-Sequencer (7B5AE74C-D270-4C10-A958-57980B212A5A): 13
LogDevObjectVersion:   Dev-VR (D7296918-1DD6-4BDD-9DE2-64A83CC13884): 3
LogDevObjectVersion:   Dev-LoadTimes (C2A15278-BFE7-4AFE-6C17-90FF531DF755): 1
LogDevObjectVersion:   Private-Geometry (6EACA3D4-40EC-4CC1-B786-8BED09428FC5): 3
LogDevObjectVersion:   Dev-AnimPhys (29E575DD-E0A3-4627-9D10-D276232CDCEA): 17
LogDevObjectVersion:   Dev-Anim (AF43A65D-7FD3-4947-9873-3E8ED9C1BB05): 15
LogDevObjectVersion:   Dev-ReflectionCapture (6B266CEC-1EC7-4B8F-A30B-E4D90942FC07): 1
LogDevObjectVersion:   Dev-Automation (0DF73D61-A23F-47EA-B727-89E90C41499A): 1
LogDevObjectVersion:   FortniteMain (601D1886-AC64-4F84-AA16-D3DE0DEAC7D6): 47
LogDevObjectVersion:   FortniteRelease (E7086368-6B23-4C58-8439-1B7016265E91): 1
LogDevObjectVersion:   Dev-Enterprise (9DFFBCD6-494F-0158-E221-12823C92A888): 10
LogDevObjectVersion:   Dev-Niagara (F2AED0AC-9AFE-416F-8664-AA7FFA26D6FC): 1
LogDevObjectVersion:   Dev-Destruction (174F1F0B-B4C6-45A5-B13F-2EE8D0FB917D): 10
LogDevObjectVersion:   Dev-Physics-Ext (35F94A83-E258-406C-A318-09F59610247C): 41
LogDevObjectVersion:   Dev-PhysicsMaterial-Chaos (B68FC16E-8B1B-42E2-B453-215C058844FE): 1
LogDevObjectVersion:   Dev-CineCamera (B2E18506-4273-CFC2-A54E-F4BB758BBA07): 1
LogDevObjectVersion:   Dev-VirtualProduction (64F58936-FD1B-42BA-BA96-7289D5D0FA4E): 1
LogDevObjectVersion:   Dev-MediaFramework (6F0ED827-A609-4895-9C91-998D90180EA4): 2
LogInit: Presizing for max 25165824 objects, including 0 objects not considered by GC, pre-allocating 0 bytes for permanent pool.
LogConfig: Applying CVar settings from Section [/Script/Engine.StreamingSettings] File [D:/GitRepos/UE4Repos/ToonTanks/ToonTanks/Saved/Config/Windows/Engine.ini]
LogConfig: Setting CVar [[s.MinBulkDataSizeForAsyncLoading:131072]]
LogConfig: Setting CVar [[s.AsyncLoadingThreadEnabled:0]]
LogConfig: Setting CVar [[s.EventDrivenLoaderEnabled:1]]
LogConfig: Setting CVar [[s.WarnIfTimeLimitExceeded:0]]
LogConfig: Setting CVar [[s.TimeLimitExceededMultiplier:1.5]]
LogConfig: Setting CVar [[s.TimeLimitExceededMinTime:0.005]]
LogConfig: Setting CVar [[s.UseBackgroundLevelStreaming:1]]
LogConfig: Setting CVar [[s.PriorityAsyncLoadingExtraTime:15.0]]
LogConfig: Setting CVar [[s.LevelStreamingActorsUpdateTimeLimit:5.0]]
LogConfig: Setting CVar [[s.PriorityLevelStreamingActorsUpdateExtraTime:5.0]]
LogConfig: Setting CVar [[s.LevelStreamingComponentsRegistrationGranularity:10]]
LogConfig: Setting CVar [[s.UnregisterComponentsTimeLimit:1.0]]
LogConfig: Setting CVar [[s.LevelStreamingComponentsUnregistrationGranularity:5]]
LogConfig: Setting CVar [[s.FlushStreamingOnExit:1]]
LogInit: Object subsystem initialized
LogConfig: Setting CVar [[con.DebugEarlyDefault:1]]
LogConfig: Setting CVar [[r.setres:1280x720]]
[2022.03.12-17.43.30:933][  0]LogConfig: Setting CVar [[r.VSync:0]]
[2022.03.12-17.43.30:933][  0]LogConfig: Setting CVar [[r.RHICmdBypass:0]]
[2022.03.12-17.43.30:933][  0]LogConfig: Applying CVar settings from Section [/Script/Engine.RendererSettings] File [D:/GitRepos/UE4Repos/ToonTanks/ToonTanks/Saved/Config/Windows/Engine.ini]
[2022.03.12-17.43.30:933][  0]LogConfig: Setting CVar [[r.GPUCrashDebugging:0]]
[2022.03.12-17.43.30:933][  0]LogConfig: Setting CVar [[r.DefaultFeature.AutoExposure.ExtendDefaultLuminanceRange:1]]
[2022.03.12-17.43.30:933][  0]LogConfig: Setting CVar [[r.DefaultFeature.AutoExposure:0]]
[2022.03.12-17.43.30:933][  0]LogConfig: Applying CVar settings from Section [/Script/Engine.RendererOverrideSettings] File [D:/GitRepos/UE4Repos/ToonTanks/ToonTanks/Saved/Config/Windows/Engine.ini]
[2022.03.12-17.43.30:933][  0]LogConfig: Applying CVar settings from Section [/Script/Engine.StreamingSettings] File [D:/GitRepos/UE4Repos/ToonTanks/ToonTanks/Saved/Config/Windows/Engine.ini]
[2022.03.12-17.43.30:933][  0]LogConfig: Setting CVar [[s.MinBulkDataSizeForAsyncLoading:131072]]
[2022.03.12-17.43.30:933][  0]LogConfig: Setting CVar [[s.AsyncLoadingThreadEnabled:0]]
[2022.03.12-17.43.30:933][  0]LogConfig: Setting CVar [[s.EventDrivenLoaderEnabled:1]]
[2022.03.12-17.43.30:933][  0]LogConfig: Setting CVar [[s.WarnIfTimeLimitExceeded:0]]
[2022.03.12-17.43.30:933][  0]LogConfig: Setting CVar [[s.TimeLimitExceededMultiplier:1.5]]
[2022.03.12-17.43.30:933][  0]LogConfig: Setting CVar [[s.TimeLimitExceededMinTime:0.005]]
[2022.03.12-17.43.30:933][  0]LogConfig: Setting CVar [[s.UseBackgroundLevelStreaming:1]]
[2022.03.12-17.43.30:933][  0]LogConfig: Setting CVar [[s.PriorityAsyncLoadingExtraTime:15.0]]
[2022.03.12-17.43.30:933][  0]LogConfig: Setting CVar [[s.LevelStreamingActorsUpdateTimeLimit:5.0]]
[2022.03.12-17.43.30:933][  0]LogConfig: Setting CVar [[s.PriorityLevelStreamingActorsUpdateExtraTime:5.0]]
[2022.03.12-17.43.30:933][  0]LogConfig: Setting CVar [[s.LevelStreamingComponentsRegistrationGranularity:10]]
[2022.03.12-17.43.30:933][  0]LogConfig: Setting CVar [[s.UnregisterComponentsTimeLimit:1.0]]
[2022.03.12-17.43.30:933][  0]LogConfig: Setting CVar [[s.LevelStreamingComponentsUnregistrationGranularity:5]]
[2022.03.12-17.43.30:933][  0]LogConfig: Setting CVar [[s.FlushStreamingOnExit:1]]
[2022.03.12-17.43.30:933][  0]LogConfig: Applying CVar settings from Section [/Script/Engine.GarbageCollectionSettings] File [D:/GitRepos/UE4Repos/ToonTanks/ToonTanks/Saved/Config/Windows/Engine.ini]
[2022.03.12-17.43.30:933][  0]LogConfig: Setting CVar [[gc.MaxObjectsNotConsideredByGC:1]]
[2022.03.12-17.43.30:933][  0]LogConfig: Setting CVar [[gc.SizeOfPermanentObjectPool:0]]
[2022.03.12-17.43.30:933][  0]LogConfig: Setting CVar [[gc.FlushStreamingOnGC:0]]
[2022.03.12-17.43.30:933][  0]LogConfig: Setting CVar [[gc.NumRetriesBeforeForcingGC:10]]
[2022.03.12-17.43.30:933][  0]LogConfig: Setting CVar [[gc.AllowParallelGC:1]]
[2022.03.12-17.43.30:933][  0]LogConfig: Setting CVar [[gc.TimeBetweenPurgingPendingKillObjects:61.1]]
[2022.03.12-17.43.30:933][  0]LogConfig: Setting CVar [[gc.MaxObjectsInEditor:25165824]]
[2022.03.12-17.43.30:933][  0]LogConfig: Setting CVar [[gc.IncrementalBeginDestroyEnabled:1]]
[2022.03.12-17.43.30:933][  0]LogConfig: Setting CVar [[gc.CreateGCClusters:1]]
[2022.03.12-17.43.30:933][  0]LogConfig: Setting CVar [[gc.MinGCClusterSize:5]]
[2022.03.12-17.43.30:933][  0]LogConfig: Setting CVar [[gc.ActorClusteringEnabled:0]]
[2022.03.12-17.43.30:933][  0]LogConfig: Setting CVar [[gc.BlueprintClusteringEnabled:0]]
[2022.03.12-17.43.30:933][  0]LogConfig: Setting CVar [[gc.UseDisregardForGCOnDedicatedServers:0]]
[2022.03.12-17.43.30:933][  0]LogConfig: Setting CVar [[gc.MultithreadedDestructionEnabled:1]]
[2022.03.12-17.43.30:933][  0]LogConfig: Applying CVar settings from Section [/Script/Engine.NetworkSettings] File [D:/GitRepos/UE4Repos/ToonTanks/ToonTanks/Saved/Config/Windows/Engine.ini]
[2022.03.12-17.43.30:933][  0]LogConfig: Applying CVar settings from Section [/Script/UnrealEd.CookerSettings] File [D:/GitRepos/UE4Repos/ToonTanks/ToonTanks/Saved/Config/Windows/Engine.ini]
[2022.03.12-17.43.30:955][  0]LogConfig: Applying CVar settings from Section [ViewDistanceQuality@3] File [D:/GitRepos/UE4Repos/ToonTanks/ToonTanks/Saved/Config/Windows/Scalability.ini]
[2022.03.12-17.43.30:955][  0]LogConfig: Setting CVar [[r.SkeletalMeshLODBias:0]]
[2022.03.12-17.43.30:955][  0]LogConfig: Setting CVar [[r.ViewDistanceScale:1.0]]
[2022.03.12-17.43.30:955][  0]LogConfig: Applying CVar settings from Section [AntiAliasingQuality@3] File [D:/GitRepos/UE4Repos/ToonTanks/ToonTanks/Saved/Config/Windows/Scalability.ini]
[2022.03.12-17.43.30:955][  0]LogConfig: Setting CVar [[r.PostProcessAAQuality:4]]
[2022.03.12-17.43.30:955][  0]LogConfig: Applying CVar settings from Section [ShadowQuality@3] File [D:/GitRepos/UE4Repos/ToonTanks/ToonTanks/Saved/Config/Windows/Scalability.ini]
[2022.03.12-17.43.30:955][  0]LogConfig: Setting CVar [[r.LightFunctionQuality:1]]
[2022.03.12-17.43.30:955][  0]LogConfig: Setting CVar [[r.ShadowQuality:5]]
[2022.03.12-17.43.30:955][  0]LogConfig: Setting CVar [[r.Shadow.CSM.MaxCascades:10]]
[2022.03.12-17.43.30:955][  0]LogConfig: Setting CVar [[r.Shadow.MaxResolution:2048]]
[2022.03.12-17.43.30:955][  0]LogConfig: Setting CVar [[r.Shadow.MaxCSMResolution:2048]]
[2022.03.12-17.43.30:955][  0]LogConfig: Setting CVar [[r.Shadow.RadiusThreshold:0.01]]
[2022.03.12-17.43.30:955][  0]LogConfig: Setting CVar [[r.Shadow.DistanceScale:1.0]]
[2022.03.12-17.43.30:955][  0]LogConfig: Setting CVar [[r.Shadow.CSM.TransitionScale:1.0]]
[2022.03.12-17.43.30:955][  0]LogConfig: Setting CVar [[r.Shadow.PreShadowResolutionFactor:1.0]]
[2022.03.12-17.43.30:955][  0]LogConfig: Setting CVar [[r.DistanceFieldShadowing:1]]
[2022.03.12-17.43.30:955][  0]LogConfig: Setting CVar [[r.DistanceFieldAO:1]]
[2022.03.12-17.43.30:955][  0]LogConfig: Setting CVar [[r.AOQuality:2]]
[2022.03.12-17.43.30:955][  0]LogConfig: Setting CVar [[r.VolumetricFog:1]]
[2022.03.12-17.43.30:955][  0]LogConfig: Setting CVar [[r.VolumetricFog.GridPixelSize:8]]
[2022.03.12-17.43.30:955][  0]LogConfig: Setting CVar [[r.VolumetricFog.GridSizeZ:128]]
[2022.03.12-17.43.30:955][  0]LogConfig: Setting CVar [[r.VolumetricFog.HistoryMissSupersampleCount:4]]
[2022.03.12-17.43.30:955][  0]LogConfig: Setting CVar [[r.LightMaxDrawDistanceScale:1]]
[2022.03.12-17.43.30:955][  0]LogConfig: Setting CVar [[r.CapsuleShadows:1]]
[2022.03.12-17.43.30:955][  0]LogConfig: Applying CVar settings from Section [PostProcessQuality@3] File [D:/GitRepos/UE4Repos/ToonTanks/ToonTanks/Saved/Config/Windows/Scalability.ini]
[2022.03.12-17.43.30:955][  0]LogConfig: Setting CVar [[r.MotionBlurQuality:4]]
[2022.03.12-17.43.30:955][  0]LogConfig: Setting CVar [[r.AmbientOcclusionMipLevelFactor:0.4]]
[2022.03.12-17.43.30:955][  0]LogConfig: Setting CVar [[r.AmbientOcclusionMaxQuality:100]]
[2022.03.12-17.43.30:955][  0]LogConfig: Setting CVar [[r.AmbientOcclusionLevels:-1]]
[2022.03.12-17.43.30:955][  0]LogConfig: Setting CVar [[r.AmbientOcclusionRadiusScale:1.0]]
[2022.03.12-17.43.30:955][  0]LogConfig: Setting CVar [[r.DepthOfFieldQuality:2]]
[2022.03.12-17.43.30:955][  0]LogConfig: Setting CVar [[r.RenderTargetPoolMin:400]]
[2022.03.12-17.43.30:955][  0]LogConfig: Setting CVar [[r.LensFlareQuality:2]]
[2022.03.12-17.43.30:955][  0]LogConfig: Setting CVar [[r.SceneColorFringeQuality:1]]
[2022.03.12-17.43.30:955][  0]LogConfig: Setting CVar [[r.EyeAdaptationQuality:2]]
[2022.03.12-17.43.30:955][  0]LogConfig: Setting CVar [[r.BloomQuality:5]]
[2022.03.12-17.43.30:955][  0]LogConfig: Setting CVar [[r.FastBlurThreshold:100]]
[2022.03.12-17.43.30:955][  0]LogConfig: Setting CVar [[r.Upscale.Quality:3]]
[2022.03.12-17.43.30:955][  0]LogConfig: Setting CVar [[r.Tonemapper.GrainQuantization:1]]
[2022.03.12-17.43.30:955][  0]LogConfig: Setting CVar [[r.LightShaftQuality:1]]
[2022.03.12-17.43.30:955][  0]LogConfig: Setting CVar [[r.Filter.SizeScale:1]]
[2022.03.12-17.43.30:955][  0]LogConfig: Setting CVar [[r.Tonemapper.Quality:5]]
[2022.03.12-17.43.30:955][  0]LogConfig: Setting CVar [[r.DOF.Gather.AccumulatorQuality:1        ; higher gathering accumulator quality]]
[2022.03.12-17.43.30:955][  0]LogConfig: Setting CVar [[r.DOF.Gather.PostfilterMethod:1          ; Median3x3 postfilering method]]
[2022.03.12-17.43.30:955][  0]LogConfig: Setting CVar [[r.DOF.Gather.EnableBokehSettings:0       ; no bokeh simulation when gathering]]
[2022.03.12-17.43.30:955][  0]LogConfig: Setting CVar [[r.DOF.Gather.RingCount:4                 ; medium number of samples when gathering]]
[2022.03.12-17.43.30:955][  0]LogConfig: Setting CVar [[r.DOF.Scatter.ForegroundCompositing:1    ; additive foreground scattering]]
[2022.03.12-17.43.30:955][  0]LogConfig: Setting CVar [[r.DOF.Scatter.BackgroundCompositing:2    ; additive background scattering]]
[2022.03.12-17.43.30:955][  0]LogConfig: Setting CVar [[r.DOF.Scatter.EnableBokehSettings:1      ; bokeh simulation when scattering]]
[2022.03.12-17.43.30:955][  0]LogConfig: Setting CVar [[r.DOF.Scatter.MaxSpriteRatio:0.1         ; only a maximum of 10% of scattered bokeh]]
[2022.03.12-17.43.30:955][  0]LogConfig: Setting CVar [[r.DOF.Recombine.Quality:1                ; cheap slight out of focus]]
[2022.03.12-17.43.30:955][  0]LogConfig: Setting CVar [[r.DOF.Recombine.EnableBokehSettings:0    ; no bokeh simulation on slight out of focus]]
[2022.03.12-17.43.30:955][  0]LogConfig: Setting CVar [[r.DOF.TemporalAAQuality:1                ; more stable temporal accumulation]]
[2022.03.12-17.43.30:955][  0]LogConfig: Setting CVar [[r.DOF.Kernel.MaxForegroundRadius:0.025]]
[2022.03.12-17.43.30:955][  0]LogConfig: Setting CVar [[r.DOF.Kernel.MaxBackgroundRadius:0.025]]
[2022.03.12-17.43.30:955][  0]LogConfig: Applying CVar settings from Section [TextureQuality@3] File [D:/GitRepos/UE4Repos/ToonTanks/ToonTanks/Saved/Config/Windows/Scalability.ini]
[2022.03.12-17.43.30:956][  0]LogConfig: Setting CVar [[r.Streaming.MipBias:0]]
[2022.03.12-17.43.30:956][  0]LogConfig: Setting CVar [[r.Streaming.AmortizeCPUToGPUCopy:0]]
[2022.03.12-17.43.30:956][  0]LogConfig: Setting CVar [[r.Streaming.MaxNumTexturesToStreamPerFrame:0]]
[2022.03.12-17.43.30:956][  0]LogConfig: Setting CVar [[r.Streaming.Boost:1]]
[2022.03.12-17.43.30:956][  0]LogConfig: Setting CVar [[r.MaxAnisotropy:8]]
[2022.03.12-17.43.30:956][  0]LogConfig: Setting CVar [[r.VT.MaxAnisotropy:8]]
[2022.03.12-17.43.30:956][  0]LogConfig: Setting CVar [[r.Streaming.LimitPoolSizeToVRAM:0]]
[2022.03.12-17.43.30:956][  0]LogConfig: Setting CVar [[r.Streaming.PoolSize:1000]]
[2022.03.12-17.43.30:956][  0]LogConfig: Setting CVar [[r.Streaming.MaxEffectiveScreenSize:0]]
[2022.03.12-17.43.30:956][  0]LogConfig: Applying CVar settings from Section [EffectsQuality@3] File [D:/GitRepos/UE4Repos/ToonTanks/ToonTanks/Saved/Config/Windows/Scalability.ini]
[2022.03.12-17.43.30:956][  0]LogConfig: Setting CVar [[r.TranslucencyLightingVolumeDim:64]]
[2022.03.12-17.43.30:956][  0]LogConfig: Setting CVar [[r.RefractionQuality:2]]
[2022.03.12-17.43.30:956][  0]LogConfig: Setting CVar [[r.SSR.Quality:3]]
[2022.03.12-17.43.30:956][  0]LogConfig: Setting CVar [[r.SSR.HalfResSceneColor:0]]
[2022.03.12-17.43.30:956][  0]LogConfig: Setting CVar [[r.SceneColorFormat:4]]
[2022.03.12-17.43.30:956][  0]LogConfig: Setting CVar [[r.DetailMode:2]]
[2022.03.12-17.43.30:956][  0]LogConfig: Setting CVar [[r.TranslucencyVolumeBlur:1]]
[2022.03.12-17.43.30:956][  0]LogConfig: Setting CVar [[r.MaterialQualityLevel:1 ; High quality]]
[2022.03.12-17.43.30:956][  0]LogConfig: Setting CVar [[r.AnisotropicMaterials:1]]
[2022.03.12-17.43.30:956][  0]LogConfig: Setting CVar [[r.SSS.Scale:1]]
[2022.03.12-17.43.30:956][  0]LogConfig: Setting CVar [[r.SSS.SampleSet:2]]
[2022.03.12-17.43.30:956][  0]LogConfig: Setting CVar [[r.SSS.Quality:1]]
[2022.03.12-17.43.30:956][  0]LogConfig: Setting CVar [[r.SSS.HalfRes:0]]
[2022.03.12-17.43.30:956][  0]LogConfig: Setting CVar [[r.SSGI.Quality:3]]
[2022.03.12-17.43.30:956][  0]LogConfig: Setting CVar [[r.EmitterSpawnRateScale:1.0]]
[2022.03.12-17.43.30:956][  0]LogConfig: Setting CVar [[r.ParticleLightQuality:2]]
[2022.03.12-17.43.30:956][  0]LogConfig: Setting CVar [[r.SkyAtmosphere.AerialPerspectiveLUT.FastApplyOnOpaque:1 ; Always have FastSkyLUT 1 in this case to avoid wrong sky]]
[2022.03.12-17.43.30:956][  0]LogConfig: Setting CVar [[r.SkyAtmosphere.AerialPerspectiveLUT.SampleCountMaxPerSlice:4]]
[2022.03.12-17.43.30:956][  0]LogConfig: Setting CVar [[r.SkyAtmosphere.AerialPerspectiveLUT.DepthResolution:16.0]]
[2022.03.12-17.43.30:956][  0]LogConfig: Setting CVar [[r.SkyAtmosphere.FastSkyLUT:1]]
[2022.03.12-17.43.30:956][  0]LogConfig: Setting CVar [[r.SkyAtmosphere.FastSkyLUT.SampleCountMin:4.0]]
[2022.03.12-17.43.30:956][  0]LogConfig: Setting CVar [[r.SkyAtmosphere.FastSkyLUT.SampleCountMax:128.0]]
[2022.03.12-17.43.30:956][  0]LogConfig: Setting CVar [[r.SkyAtmosphere.SampleCountMin:4.0]]
[2022.03.12-17.43.30:956][  0]LogConfig: Setting CVar [[r.SkyAtmosphere.SampleCountMax:128.0]]
[2022.03.12-17.43.30:956][  0]LogConfig: Setting CVar [[r.SkyAtmosphere.TransmittanceLUT.UseSmallFormat:0]]
[2022.03.12-17.43.30:956][  0]LogConfig: Setting CVar [[r.SkyAtmosphere.TransmittanceLUT.SampleCount:10.0]]
[2022.03.12-17.43.30:956][  0]LogConfig: Setting CVar [[r.SkyAtmosphere.MultiScatteringLUT.SampleCount:15.0]]
[2022.03.12-17.43.30:956][  0]LogConfig: Setting CVar [[r.SkyLight.RealTimeReflectionCapture:1]]
[2022.03.12-17.43.30:956][  0]LogConfig: Applying CVar settings from Section [FoliageQuality@3] File [D:/GitRepos/UE4Repos/ToonTanks/ToonTanks/Saved/Config/Windows/Scalability.ini]
[2022.03.12-17.43.30:956][  0]LogConfig: Setting CVar [[foliage.DensityScale:1.0]]
[2022.03.12-17.43.30:956][  0]LogConfig: Setting CVar [[grass.DensityScale:1.0]]
[2022.03.12-17.43.30:956][  0]LogConfig: Applying CVar settings from Section [ShadingQuality@3] File [D:/GitRepos/UE4Repos/ToonTanks/ToonTanks/Saved/Config/Windows/Scalability.ini]
[2022.03.12-17.43.30:956][  0]LogConfig: Setting CVar [[r.HairStrands.SkyLighting.IntegrationType:2]]
[2022.03.12-17.43.30:956][  0]LogConfig: Setting CVar [[r.HairStrands.SkyAO.SampleCount:4]]
[2022.03.12-17.43.30:956][  0]LogConfig: Setting CVar [[r.HairStrands.Visibility.MSAA.SamplePerPixel:4]]
[2022.03.12-17.43.30:956][  0]LogInit: Selected Device Profile: [Windows]
[2022.03.12-17.43.30:956][  0]LogInit: Applying CVar settings loaded from the selected device profile: [Windows]
[2022.03.12-17.43.30:956][  0]LogHAL: Display: Platform has ~ 16 GB [17008439296 / 17179869184 / 16], which maps to Larger [LargestMinGB=32, LargerMinGB=12, DefaultMinGB=8, SmallerMinGB=6, SmallestMinGB=0)
[2022.03.12-17.43.30:956][  0]LogInit: Going up to parent DeviceProfile []
[2022.03.12-17.43.30:956][  0]LogConfig: Applying CVar settings from Section [ViewDistanceQuality@3] File [D:/GitRepos/UE4Repos/ToonTanks/ToonTanks/Saved/Config/Windows/Scalability.ini]
[2022.03.12-17.43.30:956][  0]LogConfig: Setting CVar [[r.SkeletalMeshLODBias:0]]
[2022.03.12-17.43.30:956][  0]LogConfig: Setting CVar [[r.ViewDistanceScale:1.0]]
[2022.03.12-17.43.30:956][  0]LogConfig: Applying CVar settings from Section [AntiAliasingQuality@3] File [D:/GitRepos/UE4Repos/ToonTanks/ToonTanks/Saved/Config/Windows/Scalability.ini]
[2022.03.12-17.43.30:956][  0]LogConfig: Setting CVar [[r.PostProcessAAQuality:4]]
[2022.03.12-17.43.30:956][  0]LogConfig: Applying CVar settings from Section [ShadowQuality@3] File [D:/GitRepos/UE4Repos/ToonTanks/ToonTanks/Saved/Config/Windows/Scalability.ini]
[2022.03.12-17.43.30:956][  0]LogConfig: Setting CVar [[r.LightFunctionQuality:1]]
[2022.03.12-17.43.30:956][  0]LogConfig: Setting CVar [[r.ShadowQuality:5]]
[2022.03.12-17.43.30:956][  0]LogConfig: Setting CVar [[r.Shadow.CSM.MaxCascades:10]]
[2022.03.12-17.43.30:956][  0]LogConfig: Setting CVar [[r.Shadow.MaxResolution:2048]]
[2022.03.12-17.43.30:956][  0]LogConfig: Setting CVar [[r.Shadow.MaxCSMResolution:2048]]
[2022.03.12-17.43.30:956][  0]LogConfig: Setting CVar [[r.Shadow.RadiusThreshold:0.01]]
[2022.03.12-17.43.30:956][  0]LogConfig: Setting CVar [[r.Shadow.DistanceScale:1.0]]
[2022.03.12-17.43.30:956][  0]LogConfig: Setting CVar [[r.Shadow.CSM.TransitionScale:1.0]]
[2022.03.12-17.43.30:956][  0]LogConfig: Setting CVar [[r.Shadow.PreShadowResolutionFactor:1.0]]
[2022.03.12-17.43.30:956][  0]LogConfig: Setting CVar [[r.DistanceFieldShadowing:1]]
[2022.03.12-17.43.30:956][  0]LogConfig: Setting CVar [[r.DistanceFieldAO:1]]
[2022.03.12-17.43.30:956][  0]LogConfig: Setting CVar [[r.AOQuality:2]]
[2022.03.12-17.43.30:956][  0]LogConfig: Setting CVar [[r.VolumetricFog:1]]
[2022.03.12-17.43.30:956][  0]LogConfig: Setting CVar [[r.VolumetricFog.GridPixelSize:8]]
[2022.03.12-17.43.30:956][  0]LogConfig: Setting CVar [[r.VolumetricFog.GridSizeZ:128]]
[2022.03.12-17.43.30:956][  0]LogConfig: Setting CVar [[r.VolumetricFog.HistoryMissSupersampleCount:4]]
[2022.03.12-17.43.30:956][  0]LogConfig: Setting CVar [[r.LightMaxDrawDistanceScale:1]]
[2022.03.12-17.43.30:956][  0]LogConfig: Setting CVar [[r.CapsuleShadows:1]]
[2022.03.12-17.43.30:956][  0]LogConfig: Applying CVar settings from Section [PostProcessQuality@3] File [D:/GitRepos/UE4Repos/ToonTanks/ToonTanks/Saved/Config/Windows/Scalability.ini]
[2022.03.12-17.43.30:956][  0]LogConfig: Setting CVar [[r.MotionBlurQuality:4]]
[2022.03.12-17.43.30:956][  0]LogConfig: Setting CVar [[r.AmbientOcclusionMipLevelFactor:0.4]]
[2022.03.12-17.43.30:956][  0]LogConfig: Setting CVar [[r.AmbientOcclusionMaxQuality:100]]
[2022.03.12-17.43.30:956][  0]LogConfig: Setting CVar [[r.AmbientOcclusionLevels:-1]]
[2022.03.12-17.43.30:956][  0]LogConfig: Setting CVar [[r.AmbientOcclusionRadiusScale:1.0]]
[2022.03.12-17.43.30:956][  0]LogConfig: Setting CVar [[r.DepthOfFieldQuality:2]]
[2022.03.12-17.43.30:956][  0]LogConfig: Setting CVar [[r.RenderTargetPoolMin:400]]
[2022.03.12-17.43.30:956][  0]LogConfig: Setting CVar [[r.LensFlareQuality:2]]
[2022.03.12-17.43.30:956][  0]LogConfig: Setting CVar [[r.SceneColorFringeQuality:1]]
[2022.03.12-17.43.30:956][  0]LogConfig: Setting CVar [[r.EyeAdaptationQuality:2]]
[2022.03.12-17.43.30:956][  0]LogConfig: Setting CVar [[r.BloomQuality:5]]
[2022.03.12-17.43.30:956][  0]LogConfig: Setting CVar [[r.FastBlurThreshold:100]]
[2022.03.12-17.43.30:956][  0]LogConfig: Setting CVar [[r.Upscale.Quality:3]]
[2022.03.12-17.43.30:956][  0]LogConfig: Setting CVar [[r.Tonemapper.GrainQuantization:1]]
[2022.03.12-17.43.30:956][  0]LogConfig: Setting CVar [[r.LightShaftQuality:1]]
[2022.03.12-17.43.30:956][  0]LogConfig: Setting CVar [[r.Filter.SizeScale:1]]
[2022.03.12-17.43.30:956][  0]LogConfig: Setting CVar [[r.Tonemapper.Quality:5]]
[2022.03.12-17.43.30:956][  0]LogConfig: Setting CVar [[r.DOF.Gather.AccumulatorQuality:1        ; higher gathering accumulator quality]]
[2022.03.12-17.43.30:956][  0]LogConfig: Setting CVar [[r.DOF.Gather.PostfilterMethod:1          ; Median3x3 postfilering method]]
[2022.03.12-17.43.30:956][  0]LogConfig: Setting CVar [[r.DOF.Gather.EnableBokehSettings:0       ; no bokeh simulation when gathering]]
[2022.03.12-17.43.30:956][  0]LogConfig: Setting CVar [[r.DOF.Gather.RingCount:4                 ; medium number of samples when gathering]]
[2022.03.12-17.43.30:956][  0]LogConfig: Setting CVar [[r.DOF.Scatter.ForegroundCompositing:1    ; additive foreground scattering]]
[2022.03.12-17.43.30:956][  0]LogConfig: Setting CVar [[r.DOF.Scatter.BackgroundCompositing:2    ; additive background scattering]]
[2022.03.12-17.43.30:956][  0]LogConfig: Setting CVar [[r.DOF.Scatter.EnableBokehSettings:1      ; bokeh simulation when scattering]]
[2022.03.12-17.43.30:956][  0]LogConfig: Setting CVar [[r.DOF.Scatter.MaxSpriteRatio:0.1         ; only a maximum of 10% of scattered bokeh]]
[2022.03.12-17.43.30:957][  0]LogConfig: Setting CVar [[r.DOF.Recombine.Quality:1                ; cheap slight out of focus]]
[2022.03.12-17.43.30:957][  0]LogConfig: Setting CVar [[r.DOF.Recombine.EnableBokehSettings:0    ; no bokeh simulation on slight out of focus]]
[2022.03.12-17.43.30:957][  0]LogConfig: Setting CVar [[r.DOF.TemporalAAQuality:1                ; more stable temporal accumulation]]
[2022.03.12-17.43.30:957][  0]LogConfig: Setting CVar [[r.DOF.Kernel.MaxForegroundRadius:0.025]]
[2022.03.12-17.43.30:957][  0]LogConfig: Setting CVar [[r.DOF.Kernel.MaxBackgroundRadius:0.025]]
[2022.03.12-17.43.30:957][  0]LogConfig: Applying CVar settings from Section [TextureQuality@3] File [D:/GitRepos/UE4Repos/ToonTanks/ToonTanks/Saved/Config/Windows/Scalability.ini]
[2022.03.12-17.43.30:957][  0]LogConfig: Setting CVar [[r.Streaming.MipBias:0]]
[2022.03.12-17.43.30:957][  0]LogConfig: Setting CVar [[r.Streaming.AmortizeCPUToGPUCopy:0]]
[2022.03.12-17.43.30:957][  0]LogConfig: Setting CVar [[r.Streaming.MaxNumTexturesToStreamPerFrame:0]]
[2022.03.12-17.43.30:957][  0]LogConfig: Setting CVar [[r.Streaming.Boost:1]]
[2022.03.12-17.43.30:957][  0]LogConfig: Setting CVar [[r.MaxAnisotropy:8]]
[2022.03.12-17.43.30:957][  0]LogConfig: Setting CVar [[r.VT.MaxAnisotropy:8]]
[2022.03.12-17.43.30:957][  0]LogConfig: Setting CVar [[r.Streaming.LimitPoolSizeToVRAM:0]]
[2022.03.12-17.43.30:957][  0]LogConfig: Setting CVar [[r.Streaming.PoolSize:1000]]
[2022.03.12-17.43.30:957][  0]LogConfig: Setting CVar [[r.Streaming.MaxEffectiveScreenSize:0]]
[2022.03.12-17.43.30:957][  0]LogConfig: Applying CVar settings from Section [EffectsQuality@3] File [D:/GitRepos/UE4Repos/ToonTanks/ToonTanks/Saved/Config/Windows/Scalability.ini]
[2022.03.12-17.43.30:957][  0]LogConfig: Setting CVar [[r.TranslucencyLightingVolumeDim:64]]
[2022.03.12-17.43.30:957][  0]LogConfig: Setting CVar [[r.RefractionQuality:2]]
[2022.03.12-17.43.30:957][  0]LogConfig: Setting CVar [[r.SSR.Quality:3]]
[2022.03.12-17.43.30:957][  0]LogConfig: Setting CVar [[r.SSR.HalfResSceneColor:0]]
[2022.03.12-17.43.30:957][  0]LogConfig: Setting CVar [[r.SceneColorFormat:4]]
[2022.03.12-17.43.30:957][  0]LogConfig: Setting CVar [[r.DetailMode:2]]
[2022.03.12-17.43.30:957][  0]LogConfig: Setting CVar [[r.TranslucencyVolumeBlur:1]]
[2022.03.12-17.43.30:957][  0]LogConfig: Setting CVar [[r.MaterialQualityLevel:1 ; High quality]]
[2022.03.12-17.43.30:957][  0]LogConfig: Setting CVar [[r.AnisotropicMaterials:1]]
[2022.03.12-17.43.30:957][  0]LogConfig: Setting CVar [[r.SSS.Scale:1]]
[2022.03.12-17.43.30:957][  0]LogConfig: Setting CVar [[r.SSS.SampleSet:2]]
[2022.03.12-17.43.30:957][  0]LogConfig: Setting CVar [[r.SSS.Quality:1]]
[2022.03.12-17.43.30:957][  0]LogConfig: Setting CVar [[r.SSS.HalfRes:0]]
[2022.03.12-17.43.30:957][  0]LogConfig: Setting CVar [[r.SSGI.Quality:3]]
[2022.03.12-17.43.30:957][  0]LogConfig: Setting CVar [[r.EmitterSpawnRateScale:1.0]]
[2022.03.12-17.43.30:957][  0]LogConfig: Setting CVar [[r.ParticleLightQuality:2]]
[2022.03.12-17.43.30:957][  0]LogConfig: Setting CVar [[r.SkyAtmosphere.AerialPerspectiveLUT.FastApplyOnOpaque:1 ; Always have FastSkyLUT 1 in this case to avoid wrong sky]]
[2022.03.12-17.43.30:957][  0]LogConfig: Setting CVar [[r.SkyAtmosphere.AerialPerspectiveLUT.SampleCountMaxPerSlice:4]]
[2022.03.12-17.43.30:957][  0]LogConfig: Setting CVar [[r.SkyAtmosphere.AerialPerspectiveLUT.DepthResolution:16.0]]
[2022.03.12-17.43.30:957][  0]LogConfig: Setting CVar [[r.SkyAtmosphere.FastSkyLUT:1]]
[2022.03.12-17.43.30:957][  0]LogConfig: Setting CVar [[r.SkyAtmosphere.FastSkyLUT.SampleCountMin:4.0]]
[2022.03.12-17.43.30:957][  0]LogConfig: Setting CVar [[r.SkyAtmosphere.FastSkyLUT.SampleCountMax:128.0]]
[2022.03.12-17.43.30:957][  0]LogConfig: Setting CVar [[r.SkyAtmosphere.SampleCountMin:4.0]]
[2022.03.12-17.43.30:957][  0]LogConfig: Setting CVar [[r.SkyAtmosphere.SampleCountMax:128.0]]
[2022.03.12-17.43.30:957][  0]LogConfig: Setting CVar [[r.SkyAtmosphere.TransmittanceLUT.UseSmallFormat:0]]
[2022.03.12-17.43.30:957][  0]LogConfig: Setting CVar [[r.SkyAtmosphere.TransmittanceLUT.SampleCount:10.0]]
[2022.03.12-17.43.30:957][  0]LogConfig: Setting CVar [[r.SkyAtmosphere.MultiScatteringLUT.SampleCount:15.0]]
[2022.03.12-17.43.30:957][  0]LogConfig: Setting CVar [[r.SkyLight.RealTimeReflectionCapture:1]]
[2022.03.12-17.43.30:957][  0]LogConfig: Applying CVar settings from Section [FoliageQuality@3] File [D:/GitRepos/UE4Repos/ToonTanks/ToonTanks/Saved/Config/Windows/Scalability.ini]
[2022.03.12-17.43.30:957][  0]LogConfig: Setting CVar [[foliage.DensityScale:1.0]]
[2022.03.12-17.43.30:957][  0]LogConfig: Setting CVar [[grass.DensityScale:1.0]]
[2022.03.12-17.43.30:957][  0]LogConfig: Applying CVar settings from Section [ShadingQuality@3] File [D:/GitRepos/UE4Repos/ToonTanks/ToonTanks/Saved/Config/Windows/Scalability.ini]
[2022.03.12-17.43.30:957][  0]LogConfig: Setting CVar [[r.HairStrands.SkyLighting.IntegrationType:2]]
[2022.03.12-17.43.30:957][  0]LogConfig: Setting CVar [[r.HairStrands.SkyAO.SampleCount:4]]
[2022.03.12-17.43.30:957][  0]LogConfig: Setting CVar [[r.HairStrands.Visibility.MSAA.SamplePerPixel:4]]
[2022.03.12-17.43.30:957][  0]LogConfig: Applying CVar settings from Section [Startup] File [../../../Engine/Config/ConsoleVariables.ini]
[2022.03.12-17.43.30:957][  0]LogConfig: Setting CVar [[net.UseAdaptiveNetUpdateFrequency:0]]
[2022.03.12-17.43.30:957][  0]LogConfig: Setting CVar [[p.chaos.AllowCreatePhysxBodies:1]]
[2022.03.12-17.43.30:957][  0]LogConfig: Setting CVar [[fx.SkipVectorVMBackendOptimizations:1]]
[2022.03.12-17.43.30:957][  0]LogConfig: Applying CVar settings from Section [ConsoleVariables] File [D:/GitRepos/UE4Repos/ToonTanks/ToonTanks/Saved/Config/Windows/Engine.ini]
[2022.03.12-17.43.30:957][  0]LogConfig: Applying CVar settings from Section [ConsoleVariables] File [D:/GitRepos/UE4Repos/ToonTanks/ToonTanks/Saved/Config/Windows/Editor.ini]
[2022.03.12-17.43.30:957][  0]LogInit: Computer: DESKTOP-FV9P8C5
[2022.03.12-17.43.30:957][  0]LogInit: User: mert
[2022.03.12-17.43.30:957][  0]LogInit: CPU Page size=4096, Cores=6
[2022.03.12-17.43.30:957][  0]LogInit: High frequency timer resolution =10.000000 MHz
[2022.03.12-17.43.30:957][  0]LogMemory: Memory total: Physical=15.8GB (16GB approx)
[2022.03.12-17.43.30:957][  0]LogMemory: Platform Memory Stats for Windows
[2022.03.12-17.43.30:957][  0]LogMemory: Process Physical Memory: 145.35 MB used, 145.35 MB peak
[2022.03.12-17.43.30:957][  0]LogMemory: Process Virtual Memory: 129.93 MB used, 129.93 MB peak
[2022.03.12-17.43.30:957][  0]LogMemory: Physical Memory: 11612.77 MB used,  4607.74 MB free, 16220.51 MB total
[2022.03.12-17.43.30:957][  0]LogMemory: Virtual Memory: 134202464.00 MB used,  15265.83 MB free, 134217728.00 MB total
[2022.03.12-17.43.30:962][  0]LogWindows: WindowsPlatformFeatures enabled
[2022.03.12-17.43.30:993][  0]LogInit: Physics initialised using underlying interface: PhysX
[2022.03.12-17.43.30:994][  0]LogInit: Using OS detected language (tr-TR).
[2022.03.12-17.43.30:994][  0]LogInit: Using OS detected locale (en-US).
[2022.03.12-17.43.30:996][  0]LogTextLocalizationManager: No localization for 'tr-TR' exists, so 'en' will be used for the language.
[2022.03.12-17.43.31:139][  0]LogInit: Setting process to per monitor DPI aware
[2022.03.12-17.43.31:152][  0]LogWindowsTextInputMethodSystem: Display: IME system deactivated.
[2022.03.12-17.43.31:166][  0]LogSlate: New Slate User Created.  User Index 0, Is Virtual User: 0
[2022.03.12-17.43.31:166][  0]LogSlate: Slate User Registered.  User Index 0, Is Virtual User: 0
[2022.03.12-17.43.31:342][  0]LogD3D11RHI: Loaded GFSDK_Aftermath_Lib.x64.dll
[2022.03.12-17.43.31:345][  0]LogHMD: Failed to initialize OpenVR with code 110
[2022.03.12-17.43.31:345][  0]LogD3D11RHI: D3D11 min allowed feature level: 11_0
[2022.03.12-17.43.31:345][  0]LogD3D11RHI: D3D11 max allowed feature level: 11_0
[2022.03.12-17.43.31:345][  0]LogD3D11RHI: D3D11 adapters:
[2022.03.12-17.43.31:434][  0]LogD3D11RHI:    0. 'NVIDIA GeForce RTX 2060' (Feature Level 11_0)
[2022.03.12-17.43.31:434][  0]LogD3D11RHI:       5980/0/8110 MB DedicatedVideo/DedicatedSystem/SharedSystem, Outputs:2, VendorId:0x10de
[2022.03.12-17.43.31:477][  0]LogD3D11RHI:    1. 'Intel(R) UHD Graphics' (Feature Level 11_0)
[2022.03.12-17.43.31:478][  0]LogD3D11RHI:       128/0/8110 MB DedicatedVideo/DedicatedSystem/SharedSystem, Outputs:1, VendorId:0x8086
[2022.03.12-17.43.31:479][  0]LogD3D11RHI:    2. 'Microsoft Basic Render Driver' (Feature Level 11_0)
[2022.03.12-17.43.31:479][  0]LogD3D11RHI:       0/0/8110 MB DedicatedVideo/DedicatedSystem/SharedSystem, Outputs:0, VendorId:0x1414
[2022.03.12-17.43.31:479][  0]LogD3D11RHI: Chosen D3D11 Adapter:
[2022.03.12-17.43.31:479][  0]LogD3D11RHI:     Description : NVIDIA GeForce RTX 2060
[2022.03.12-17.43.31:479][  0]LogD3D11RHI:     VendorId    : 10de
[2022.03.12-17.43.31:479][  0]LogD3D11RHI:     DeviceId    : 1f15
[2022.03.12-17.43.31:479][  0]LogD3D11RHI:     SubSysId    : 10971d05
[2022.03.12-17.43.31:479][  0]LogD3D11RHI:     Revision    : 00a1
[2022.03.12-17.43.31:479][  0]LogD3D11RHI:     DedicatedVideoMemory : 6270484480 bytes
[2022.03.12-17.43.31:479][  0]LogD3D11RHI:     DedicatedSystemMemory : 0 bytes
[2022.03.12-17.43.31:479][  0]LogD3D11RHI:     SharedSystemMemory : 8504219648 bytes
[2022.03.12-17.43.31:479][  0]LogD3D11RHI:     AdapterLuid : 0 79335
[2022.03.12-17.43.31:485][  0]LogD3D11RHI: Creating new Direct3DDevice
[2022.03.12-17.43.31:485][  0]LogD3D11RHI:     GPU DeviceId: 0x1f15 (for the marketing name, search the web for "GPU Device Id")
[2022.03.12-17.43.31:485][  0]LogWindows: EnumDisplayDevices:
[2022.03.12-17.43.31:485][  0]LogWindows:    0. 'Intel(R) UHD Graphics' (P:0 D:1)
[2022.03.12-17.43.31:485][  0]LogWindows:    1. 'Intel(R) UHD Graphics' (P:0 D:0)
[2022.03.12-17.43.31:485][  0]LogWindows:    2. 'Intel(R) UHD Graphics' (P:0 D:0)
[2022.03.12-17.43.31:486][  0]LogWindows:    3. 'NVIDIA GeForce RTX 2060' (P:0 D:1)
[2022.03.12-17.43.31:486][  0]LogWindows:    4. 'NVIDIA GeForce RTX 2060' (P:1 D:1)
[2022.03.12-17.43.31:486][  0]LogWindows:    5. 'NVIDIA GeForce RTX 2060' (P:0 D:0)
[2022.03.12-17.43.31:486][  0]LogWindows:    6. 'NVIDIA GeForce RTX 2060' (P:0 D:0)
[2022.03.12-17.43.31:486][  0]LogWindows: DebugString: PrimaryIsNotTheChoosenAdapter PrimaryIsNotTheChoosenAdapter PrimaryIsNotTheChoosenAdapter FoundDriverCount:4 
[2022.03.12-17.43.31:486][  0]LogD3D11RHI:     Adapter Name: NVIDIA GeForce RTX 2060
[2022.03.12-17.43.31:486][  0]LogD3D11RHI:   Driver Version: 471.96 (internal:30.0.14.7196, unified:471.96)
[2022.03.12-17.43.31:486][  0]LogD3D11RHI:      Driver Date: 8-27-2021
[2022.03.12-17.43.31:486][  0]LogRHI: Texture pool is 4186 MB (70% of 5980 MB)
[2022.03.12-17.43.31:486][  0]LogD3D11RHI: Creating D3DDevice using adapter:
[2022.03.12-17.43.31:486][  0]LogD3D11RHI:     Description : NVIDIA GeForce RTX 2060
[2022.03.12-17.43.31:486][  0]LogD3D11RHI:     VendorId    : 10de
[2022.03.12-17.43.31:486][  0]LogD3D11RHI:     DeviceId    : 1f15
[2022.03.12-17.43.31:486][  0]LogD3D11RHI:     SubSysId    : 10971d05
[2022.03.12-17.43.31:486][  0]LogD3D11RHI:     Revision    : 00a1
[2022.03.12-17.43.31:486][  0]LogD3D11RHI:     DedicatedVideoMemory : 6270484480 bytes
[2022.03.12-17.43.31:486][  0]LogD3D11RHI:     DedicatedSystemMemory : 0 bytes
[2022.03.12-17.43.31:486][  0]LogD3D11RHI:     SharedSystemMemory : 8504219648 bytes
[2022.03.12-17.43.31:486][  0]LogD3D11RHI:     AdapterLuid : 0 79335
[2022.03.12-17.43.31:558][  0]LogD3D11RHI: RHI has support for 64 bit atomics
[2022.03.12-17.43.31:558][  0]LogD3D11RHI: Async texture creation enabled
[2022.03.12-17.43.31:558][  0]LogD3D11RHI: Array index from any shader is supported
[2022.03.12-17.43.31:589][  0]LogD3D11RHI: GPU Timing Frequency: 1000.000000 (Debug: 2 2)
[2022.03.12-17.43.31:621][  0]LogRHI: GeForceNow SDK initialized: 1
[2022.03.12-17.43.31:874][  0]LogTargetPlatformManager: Display: Loaded TargetPlatform 'AllDesktop'
[2022.03.12-17.43.31:891][  0]LogTargetPlatformManager: Display: Loaded TargetPlatform 'Android'
[2022.03.12-17.43.31:891][  0]LogTargetPlatformManager: Display: Loaded TargetPlatform 'Android_ASTC'
[2022.03.12-17.43.31:891][  0]LogTargetPlatformManager: Display: Loaded TargetPlatform 'Android_DXT'
[2022.03.12-17.43.31:891][  0]LogTargetPlatformManager: Display: Loaded TargetPlatform 'Android_ETC2'
[2022.03.12-17.43.31:891][  0]LogTargetPlatformManager: Display: Loaded TargetPlatform 'AndroidClient'
[2022.03.12-17.43.31:891][  0]LogTargetPlatformManager: Display: Loaded TargetPlatform 'Android_ASTCClient'
[2022.03.12-17.43.31:891][  0]LogTargetPlatformManager: Display: Loaded TargetPlatform 'Android_DXTClient'
[2022.03.12-17.43.31:891][  0]LogTargetPlatformManager: Display: Loaded TargetPlatform 'Android_ETC2Client'
[2022.03.12-17.43.31:891][  0]LogTargetPlatformManager: Display: Loaded TargetPlatform 'Android_Multi'
[2022.03.12-17.43.31:891][  0]LogTargetPlatformManager: Display: Loaded TargetPlatform 'Android_MultiClient'
[2022.03.12-17.43.31:906][  0]LogTargetPlatformManager: Display: Loaded TargetPlatform 'IOSClient'
[2022.03.12-17.43.31:906][  0]LogTargetPlatformManager: Display: Loaded TargetPlatform 'IOS'
[2022.03.12-17.43.31:914][  0]LogTargetPlatformManager: Display: Loaded TargetPlatform 'Linux'
[2022.03.12-17.43.31:918][  0]LogTargetPlatformManager: Display: Loaded TargetPlatform 'LinuxNoEditor'
[2022.03.12-17.43.31:921][  0]LogTargetPlatformManager: Display: Loaded TargetPlatform 'LinuxClient'
[2022.03.12-17.43.31:926][  0]LogTargetPlatformManager: Display: Loaded TargetPlatform 'LinuxServer'
[2022.03.12-17.43.31:933][  0]LogTargetPlatformManager: Display: Loaded TargetPlatform 'LinuxAArch64NoEditor'
[2022.03.12-17.43.31:937][  0]LogTargetPlatformManager: Display: Loaded TargetPlatform 'LinuxAArch64Client'
[2022.03.12-17.43.31:941][  0]LogTargetPlatformManager: Display: Loaded TargetPlatform 'LinuxAArch64Server'
[2022.03.12-17.43.31:960][  0]LogTargetPlatformManager: Display: Loaded TargetPlatform 'Lumin'
[2022.03.12-17.43.31:960][  0]LogTargetPlatformManager: Display: Loaded TargetPlatform 'LuminClient'
[2022.03.12-17.43.31:967][  0]LogTargetPlatformManager: Display: Loaded TargetPlatform 'MacNoEditor'
[2022.03.12-17.43.31:971][  0]LogTargetPlatformManager: Display: Loaded TargetPlatform 'Mac'
[2022.03.12-17.43.31:974][  0]LogTargetPlatformManager: Display: Loaded TargetPlatform 'MacClient'
[2022.03.12-17.43.31:978][  0]LogTargetPlatformManager: Display: Loaded TargetPlatform 'MacServer'
[2022.03.12-17.43.31:986][  0]LogTargetPlatformManager: Display: Loaded TargetPlatform 'TVOSClient'
[2022.03.12-17.43.31:986][  0]LogTargetPlatformManager: Display: Loaded TargetPlatform 'TVOS'
[2022.03.12-17.43.31:994][  0]LogTargetPlatformManager: Display: Loaded TargetPlatform 'WindowsNoEditor'
[2022.03.12-17.43.31:999][  0]LogTargetPlatformManager: Display: Loaded TargetPlatform 'Windows'
[2022.03.12-17.43.32:002][  0]LogTargetPlatformManager: Display: Loaded TargetPlatform 'WindowsClient'
[2022.03.12-17.43.32:006][  0]LogTargetPlatformManager: Display: Loaded TargetPlatform 'WindowsServer'
[2022.03.12-17.43.32:006][  0]LogTargetPlatformManager: Display: Building Assets For Windows
[2022.03.12-17.43.32:013][  0]LogAudioDebug: Display: Lib vorbis DLL was dynamically loaded.
[2022.03.12-17.43.32:040][  0]LogTextureFormatOodle: Display: Oodle Texture 2.9.0 init RDO Off
[2022.03.12-17.43.32:065][  0]LogRendererCore: Ray tracing is disabled. Reason: r.RayTracing=0.
[2022.03.12-17.43.32:065][  0]LogShaderCompilers: Guid format shader working directory is 5 characters bigger than the processId version (D:/GitRepos/UE4Repos/ToonTanks/ToonTanks/Intermediate/Shaders/WorkingDirectory/13828/).
[2022.03.12-17.43.32:065][  0]LogShaderCompilers: Cleaned the shader compiler working directory 'C:/Users/mert_/AppData/Local/Temp/UnrealShaderWorkingDir/9A012B1B4CFDCAE07C8984A5F9454938/'.
[2022.03.12-17.43.32:066][  0]LogXGEController: Cannot use XGE Controller as Incredibuild is not installed on this machine.
[2022.03.12-17.43.32:066][  0]LogShaderCompilers: Cannot use XGE Shader Compiler as Incredibuild is not installed on this machine.
[2022.03.12-17.43.32:066][  0]LogShaderCompilers: Display: Using Local Shader Compiler.
[2022.03.12-17.43.32:818][  0]LogDerivedDataCache: Display: Max Cache Size: 512 MB
[2022.03.12-17.43.32:882][  0]LogDerivedDataCache: Loaded boot cache 0.06s 94MB C:/Users/mert_/AppData/Local/UnrealEngine/4.27/DerivedDataCache/Boot.ddc.
[2022.03.12-17.43.32:882][  0]LogDerivedDataCache: Display: Loaded Boot cache: C:/Users/mert_/AppData/Local/UnrealEngine/4.27/DerivedDataCache/Boot.ddc
[2022.03.12-17.43.32:882][  0]LogDerivedDataCache: FDerivedDataBackendGraph:  Pak pak cache file D:/GitRepos/UE4Repos/ToonTanks/ToonTanks/DerivedDataCache/DDC.ddp not found, will not use a pak cache.
[2022.03.12-17.43.32:882][  0]LogDerivedDataCache: Unable to find inner node Pak for hierarchical cache Hierarchy.
[2022.03.12-17.43.32:882][  0]LogDerivedDataCache: FDerivedDataBackendGraph:  CompressedPak pak cache file D:/GitRepos/UE4Repos/ToonTanks/ToonTanks/DerivedDataCache/Compressed.ddp not found, will not use a pak cache.
[2022.03.12-17.43.32:882][  0]LogDerivedDataCache: Unable to find inner node CompressedPak for hierarchical cache Hierarchy.
[2022.03.12-17.43.32:896][  0]LogDerivedDataCache: Display: Pak cache opened for reading ../../../Engine/DerivedDataCache/Compressed.ddp.
[2022.03.12-17.43.32:896][  0]LogDerivedDataCache: FDerivedDataBackendGraph:  EnterprisePak pak cache file ../../../Enterprise/DerivedDataCache/Compressed.ddp not found, will not use a pak cache.
[2022.03.12-17.43.32:896][  0]LogDerivedDataCache: Unable to find inner node EnterprisePak for hierarchical cache Hierarchy.
[2022.03.12-17.43.32:901][  0]LogDerivedDataCache: Speed tests for C:/Users/mert_/AppData/Local/UnrealEngine/Common/DerivedDataCache took 0.00 seconds
[2022.03.12-17.43.32:901][  0]LogDerivedDataCache: Display: Performance to C:/Users/mert_/AppData/Local/UnrealEngine/Common/DerivedDataCache: Latency=0.02ms. RandomReadSpeed=1546.90MBs, RandomWriteSpeed=258.60MBs. Assigned SpeedClass 'Local'
[2022.03.12-17.43.32:902][  0]LogDerivedDataCache: Using Local data cache path C:/Users/mert_/AppData/Local/UnrealEngine/Common/DerivedDataCache: Writable
[2022.03.12-17.43.32:902][  0]LogDerivedDataCache: Shared data cache path not found in *engine.ini, will not use an Shared cache.
[2022.03.12-17.43.32:902][  0]LogDerivedDataCache: Unable to find inner node Shared for hierarchical cache Hierarchy.
[2022.03.12-17.43.32:944][  0]LogSlate: Using FreeType 2.10.0
[2022.03.12-17.43.32:945][  0]LogSlate: SlateFontServices - WITH_FREETYPE: 1, WITH_HARFBUZZ: 1
[2022.03.12-17.43.32:971][  0]LogAssetRegistry: FAssetRegistry took 0.0022 seconds to start up
[2022.03.12-17.43.33:213][  0]LogInit: Selected Device Profile: [Windows]
[2022.03.12-17.43.33:213][  0]LogInit: Active device profile: [00000238292B9400][0000023827DA9280 49] Windows
[2022.03.12-17.43.33:213][  0]LogInit: Profiles: [00000238292B9400][0000023827DA9280 49] Windows, [000002382AA66200][000002382A047400 49] WindowsNoEditor, [000002382AA57F00][0000023827E21580 49] WindowsServer, [00000238292B9600][0000023827E25700 49] WindowsClient, [000002382AA67E00][0000023829FDD880 49] IOS, [000002382AA54C00][0000023829FE1A00 49] iPadAir, [000002382AA67100][0000023829FE5B80 49] iPadAir2, [000002382AA18600][0000023829FEC2C0 49] IPadPro, [000002382AA18700][0000023829FE8300 49] iPadAir3, [000002382AA54200][000002382A016480 49] iPadAir4, [000002382AA19600][000002381F70C5C0 49] iPadMini2, [000002382AA57000][000002382A01A700 49] iPadMini3, [000002382AA1A300][000002382A01E840 49] iPadMini4, [000002382AA55200][000002382A022980 49] iPadMini5, [000002382AA03F00][000002382A02EC40 49] iPhone6, [000002382AA03E00][000002382A02AC80 49] iPodTouch6, [00000238292B9700][000002382A036F40 49] iPhone7, [00000238292B9800][000002382A032F80 49] iPodTouch7, [000002382AA00600][000002382A03B100 49] iPhone5S, [000002382AA19300][0000023827DB3280 49] iPhone6Plus, [000002382AA00E00][0000023827DB7400 49] iPhone6S, [000002382AA1BA00][0000023827DBB580 49] iPhone6SPlus, [000002382AA01800][0000023827DBF700 49] iPhone7Plus, [000002382AA18A00][0000023827DC3880 49] iPhoneSE, [000002382AA02A00][0000023827DC7A00 49] iPhone8, [000002382AA1AB00][0000023827DCBB80 49] iPhone8Plus, [000002382AA02E00][0000023827DCE180 49] iPhoneX, [000002382AA1B300][0000023827DD2300 49] iPhoneXS, [00000238292BB100][0000023827DD6480 49] iPhoneXSMax, [000002382AA1A600][0000023827DDA600 49] iPhoneXR, [00000238292B9E00][000002382A026740 49] iPhone11, [000002382AA19F00][0000023827DDE880 49] iPhone11Pro, [00000238292BAD00][0000023827DE29C0 49] iPhone11ProMax, [000002382AA1A500][0000023827DE6B00 49] iPhoneSE2, [00000238292B8F00][000002382A616C80 49] iPhone12Mini, [000002382AA1B000][000002382A61AE00 49] iPhone12, [00000238292B8A00][000002382A61EF80 49] iPhone12Pro, [000002382AA19100][000002382A623100 49] iPhone12ProMax, [00000238292BA000][000002382A627280 49] iPadPro105, [000002382AA1AF00][000002382A62B400 49] iPadPro129, [00000238292B9000][000002382A62F580 49] iPadPro97, [000002382AA19B00][000002382A633700 49] iPadPro2_129, [00000238292BA100][000002382A637880 49] iPad5, [000002382AA19A00][000002382A63BA00 49] iPad6, [00000238292BA800][000002382A63FB80 49] iPad7, [000002382AA1B900][000002382A642180 49] iPad8, [00000238292BA400][000002382A646300 49] iPadPro11, [000002382AA1B200][000002382A64A480 49] iPadPro2_11, [00000238292BA700][000002382A64E600 49] iPadPro3_129, [000002382AA1B500][000002382A652780 49] iPadPro4_129, [00000238292B8400][000002382A656900 49] AppleTV, [000002382AA1B700][000002382A612A40 49] AppleTV4K, [00000238292B8D00][000002382A65AB80 49] TVOS, [000002382AA19400][000002382A2BACC0 49] Mac, [00000238292B8700][000002382A2C2E40 49] MacClient, [000002382AA1BB00][000002382A2C6FC0 49] MacNoEditor, [00000238292B9B00][000002382A2CB140 49] MacServer, [000002382AA19000][000002382A2CF2C0 49] Linux, [00000238292B8500][000002382A2D3440 49] LinuxAArch64, [000002382AA1AA00][000002382A2D75C0 49] LinuxNoEditor, [00000238292B9C00][000002382A2DB740 49] LinuxAArch64NoEditor, [000002382AA18500][000002382A2DF8C0 49] LinuxClient, [00000238292B8E00][000002382A2E3A40 49] LinuxAArch64Client, [000002382AA18C00][000002382A2E7BC0 49] LinuxServer, [00000238292BA500][000002382A2EA1C0 49] LinuxAArch64Server, [000002382AA1B100][000002382A2EE340 49] Android, [00000238292BB500][000002382A2F24C0 49] Android_Low, [000002382AA1AC00][000002382A2F6640 49] Android_Mid, [00000238292BA300][000002382A2FA7C0 49] Android_High, [000002382AA55C00][000002382A2FE940 49] Android_Default, [000002382AA02300][000002382A302AC0 49] Android_Adreno4xx, [000002382AA56300][000002382A2BEC00 49] Android_Adreno5xx_Low, [000002382AA02200][000002382A306D40 49] Android_Adreno5xx, [000002382AA56700][000002382A30AE80 49] Android_Adreno6xx, [000002382AA01A00][000002382A30EFC0 49] Android_Adreno6xx_Vulkan, [000002382AA57E00][000002382A317140 49] Android_Mali_T6xx, [000002382AA03300][000002382A10F2C0 49] Android_Mali_T7xx, [000002382AA54800][000002382A113440 49] Android_Mali_T8xx, [000002382AA00200][000002382A1175C0 49] Android_Mali_G71, [000002382AA54A00][000002382A11B740 49] Android_Mali_G72, [000002382AA03B00][000002382A11F8C0 49] Android_Mali_G72_Vulkan, [000002382AA54600][000002382A123A40 49] Android_Mali_G76, [000002382AA00900][000002382A127BC0 49] Android_Mali_G76_Vulkan, [000002382AA54500][000002382A12A1C0 49] Android_Mali_G77, [000002382AA01400][000002382A12E340 49] Android_Mali_G77_Vulkan, [000002382AA54700][000002382A1324C0 49] Android_Mali_G78, [000002382AA03900][000002382A136640 49] Android_Mali_G78_Vulkan, [000002382AA57100][000002382A13A7C0 49] Android_Mali_G710, [000002382AA02100][000002382A13E940 49] Android_Mali_G710_Vulkan, [000002382AA57800][000002382A142AC0 49] Android_Vulkan_SM5, [000002382AA00100][000002382A146C40 49] Android_PowerVR_G6xxx, [000002382AA56E00][000002382A312D80 49] Android_PowerVR_GT7xxx, [000002382AA01E00][000002382A14AEC0 49] Android_PowerVR_GE8xxx, [000002382AA56200][000002382A14F000 49] Android_PowerVR_GM9xxx, [000002382AA00B00][000002382A153140 49] Android_PowerVR_GM9xxx_Vulkan, [000002382AA57300][000002382A15B2C0 49] Android_TegraK1, [000002382AA01100][000002382A15F440 49] Android_Unknown_Vulkan, [000002382AA56800][000002382A1635C0 49] Lumin, [000002382AA01500][000002382A167740 49] Lumin_Desktop, [000002382AA55500][000002382A16B8C0 49] HoloLens, 
[2022.03.12-17.43.33:355][  0]LogMeshReduction: Using QuadricMeshReduction for automatic static mesh reduction
[2022.03.12-17.43.33:355][  0]LogMeshReduction: Using SimplygonMeshReduction for automatic skeletal mesh reduction
[2022.03.12-17.43.33:355][  0]LogMeshReduction: Using ProxyLODMeshReduction for automatic mesh merging
[2022.03.12-17.43.33:355][  0]LogMeshReduction: No distributed automatic mesh merging module available
[2022.03.12-17.43.33:355][  0]LogMeshMerging: No distributed automatic mesh merging module available
[2022.03.12-17.43.33:372][  0]LogNetVersion: ToonTanks 1.0.0, NetCL: 17155196, EngineNetVer: 17, GameNetVer: 0 (Checksum: 3806074785)
[2022.03.12-17.43.33:722][  0]LogTexture: Default maximum texture size for cubemaps generated from long-lat sources has been changed from 512 to unlimited. In order to preserve old behaiour for '/Engine/MapTemplates/Sky/DaylightAmbientCubemap.DaylightAmbientCubemap', its maximum texture size has been explicitly set to 512.
[2022.03.12-17.43.33:773][  0]LogHMD: PokeAHoleMaterial loaded successfully
[2022.03.12-17.43.33:778][  0]LogUObjectArray: 17174 objects as part of root set at end of initial load.
[2022.03.12-17.43.33:778][  0]LogUObjectAllocator: 4300480 out of 0 bytes used by permanent object pool.
[2022.03.12-17.43.33:778][  0]LogUObjectArray: CloseDisregardForGC: 0/0 objects in disregard for GC pool
[2022.03.12-17.43.34:028][  0]LogPython: Using Python 3.7.7
[2022.03.12-17.43.34:510][  0]LogNiagaraDebuggerClient: Niagara Debugger Client Initialized | Session: 4A500BB54ABA3005F0D8399CDF78F725 | Instance: 9D71E1854539945008D965B1511E5632 (DESKTOP-FV9P8C5-13828).
[2022.03.12-17.43.34:652][  0]LogTcpMessaging: Initializing TcpMessaging bridge
[2022.03.12-17.43.34:656][  0]LogUdpMessaging: Initializing bridge on interface 0.0.0.0:0 to multicast group 230.0.0.1:6666.
[2022.03.12-17.43.34:711][  0]LogLinker: Warning: Failed to load '/Game/ThirdPersonBP/ThirdPersonOverview': Can't find file.
[2022.03.12-17.43.34:712][  0]LogLinker: Warning: Failed to load '/Game/ThirdPersonBP/ThirdPersonOverview': Can't find file.
[2022.03.12-17.43.34:712][  0]LogUObjectGlobals: Warning: Failed to find object 'Class /Game/ThirdPersonBP/ThirdPersonOverview.ThirdPersonOverview_C'
[2022.03.12-17.43.34:732][  0]SourceControl: Source control is disabled
[2022.03.12-17.43.34:732][  0]SourceControl: Source control is disabled
[2022.03.12-17.43.34:735][  0]SourceControl: Source control is disabled
[2022.03.12-17.43.34:738][  0]SourceControl: Source control is disabled
[2022.03.12-17.43.34:750][  0]SourceControl: Source control is disabled
[2022.03.12-17.43.34:761][  0]LogUProjectInfo: Found projects:
[2022.03.12-17.43.34:923][  0]LogOpenImageDenoise: OIDN starting up
[2022.03.12-17.43.34:975][  0]LogAndroidPermission: UAndroidPermissionCallbackProxy::GetInstance
[2022.03.12-17.43.34:994][  0]LogAudioCaptureCore: Display: No Audio Capture implementations found. Audio input will be silent.
[2022.03.12-17.43.34:994][  0]LogAudioCaptureCore: Display: No Audio Capture implementations found. Audio input will be silent.
[2022.03.12-17.43.35:152][  0]LogCollectionManager: Loaded 0 collections in 0.001378 seconds
[2022.03.12-17.43.35:173][  0]LogFileCache: Scanning file cache for directory 'D:/GitRepos/UE4Repos/ToonTanks/ToonTanks/Saved/Collections/' took 0.00s
[2022.03.12-17.43.35:173][  0]LogFileCache: Scanning file cache for directory 'D:/GitRepos/UE4Repos/ToonTanks/ToonTanks/Content/Developers/mert/Collections/' took 0.00s
[2022.03.12-17.43.35:173][  0]LogFileCache: Scanning file cache for directory 'D:/GitRepos/UE4Repos/ToonTanks/ToonTanks/Content/Collections/' took 0.00s
[2022.03.12-17.43.35:173][  0]LogOcInput: OculusInput pre-init called
[2022.03.12-17.43.35:415][  0]LogEngine: Initializing Engine...
[2022.03.12-17.43.35:417][  0]LogHMD: Failed to enumerate extensions. Please check that you have a valid OpenXR runtime installed.
[2022.03.12-17.43.35:417][  0]LogHMD: Failed to initialize OpenVR with code 110
[2022.03.12-17.43.35:417][  0]LogMagicLeap: Warning: VR disabled because ZI is not enabled.  To enable, in the editor, Edit -> Project Settings -> Plugins -> Magic Leap Plugin -> Enable Zero Iteration
[2022.03.12-17.43.35:418][  0]LogStats: UGameplayTagsManager::InitializeManager -  0.000 s
[2022.03.12-17.43.35:538][  0]LogInit: Initializing FReadOnlyCVARCache
[2022.03.12-17.43.35:545][  0]LogAIModule: Creating AISystem for world Untitled
[2022.03.12-17.43.35:546][  0]LogAudio: Display: Initializing Audio Device Manager...
[2022.03.12-17.43.35:548][  0]LogAudio: Display: Loading Default Audio Settings Objects...
[2022.03.12-17.43.35:548][  0]LogAudio: Display: No default SoundConcurrencyObject specified (or failed to load).
[2022.03.12-17.43.35:549][  0]LogAudio: Display: Audio Device Manager Initialized
[2022.03.12-17.43.35:549][  0]LogAudio: Display: Creating Audio Device:                 Id: 1, Scope: Shared, Realtime: True
[2022.03.12-17.43.35:550][  0]LogAudioMixer: Display: Audio Mixer Platform Settings:
[2022.03.12-17.43.35:550][  0]LogAudioMixer: Display: 	Sample Rate:						  48000
[2022.03.12-17.43.35:550][  0]LogAudioMixer: Display: 	Callback Buffer Frame Size Requested: 1024
[2022.03.12-17.43.35:550][  0]LogAudioMixer: Display: 	Callback Buffer Frame Size To Use:	  1024
[2022.03.12-17.43.35:550][  0]LogAudioMixer: Display: 	Number of buffers to queue:			  2
[2022.03.12-17.43.35:550][  0]LogAudioMixer: Display: 	Max Channels (voices):				  32
[2022.03.12-17.43.35:550][  0]LogAudioMixer: Display: 	Number of Async Source Workers:		  0
[2022.03.12-17.43.35:550][  0]LogAudio: Display: AudioDevice MaxSources: 32
[2022.03.12-17.43.35:550][  0]LogAudio: Display: Audio Spatialization Plugin: None (built-in).
[2022.03.12-17.43.35:550][  0]LogAudio: Display: Audio Reverb Plugin: None (built-in).
[2022.03.12-17.43.35:550][  0]LogAudio: Display: Audio Occlusion Plugin: None (built-in).
[2022.03.12-17.43.35:550][  0]LogAudioMixer: Display: Initializing audio mixer.
[2022.03.12-17.43.35:571][  0]LogAudioMixer: Display: 0: FrontLeft
[2022.03.12-17.43.35:571][  0]LogAudioMixer: Display: 1: FrontRight
[2022.03.12-17.43.35:585][  0]LogAudioMixer: Display: Using Audio Device Audio (THX Spatial Audio)
[2022.03.12-17.43.35:590][  0]LogAudioMixer: Display: Initializing Sound Submixes...
[2022.03.12-17.43.35:594][  0]LogAudioMixer: Display: Creating Master Submix 'MasterSubmixDefault'
[2022.03.12-17.43.35:594][  0]LogAudioMixer: Display: Creating Master Submix 'MasterReverbSubmixDefault'
[2022.03.12-17.43.35:600][  0]LogAudioMixer: Display: Creating Master Submix 'MasterEQSubmixDefault'
[2022.03.12-17.43.35:600][  0]LogAudioMixer: FMixerPlatformXAudio2::StartAudioStream() called
[2022.03.12-17.43.35:600][  0]LogAudioMixer: Display: Output buffers initialized: Frames=1024, Channels=2, Samples=2048
[2022.03.12-17.43.35:602][  0]LogAudioMixer: Display: Starting AudioMixerPlatformInterface::RunInternal()
[2022.03.12-17.43.35:602][  0]LogAudioMixer: Display: FMixerPlatformXAudio2::SubmitBuffer() called for the first time
[2022.03.12-17.43.35:602][  0]LogInit: FAudioDevice initialized.
[2022.03.12-17.43.35:602][  0]LogAudio: Display: Audio Device (ID: 1) registered with world 'Untitled'.
[2022.03.12-17.43.35:602][  0]LogNetVersion: Set ProjectVersion to 1.0.0.0. Version Checksum will be recalculated on next use.
[2022.03.12-17.43.35:654][  0]LogDerivedDataCache: Saved boot cache 0.05s 94MB C:/Users/mert_/AppData/Local/UnrealEngine/4.27/DerivedDataCache/Boot.ddc.
[2022.03.12-17.43.35:655][  0]LogInit: Texture streaming: Enabled
[2022.03.12-17.43.35:666][  0]LogAnalytics: Display: [UEEditor.Rocket.Release] APIServer = https://datarouter.ol.epicgames.com/. AppVersion = 4.27.2-18319896+++UE4+Release-4.27
[2022.03.12-17.43.35:669][  0]LogEngineSessionManager: EngineSessionManager initialized
[2022.03.12-17.43.35:669][  0]LogEditorSessionSummary: Verbose: Initializing EditorSessionSummaryWriter for editor session tracking
[2022.03.12-17.43.35:670][  0]LogEditorSessionSummary: EditorSessionSummaryWriter initialized
[2022.03.12-17.43.35:692][  0]LogInit: Transaction tracking system initialized
[2022.03.12-17.43.35:710][  0]BlueprintLog: New page: Editor Load
[2022.03.12-17.43.35:764][  0]LocalizationService: Localization service is disabled
[2022.03.12-17.43.35:785][  0]TimingProfiler: Initialize
[2022.03.12-17.43.35:785][  0]TimingProfiler: OnSessionChanged
[2022.03.12-17.43.35:785][  0]LoadingProfiler: Initialize
[2022.03.12-17.43.35:785][  0]LoadingProfiler: OnSessionChanged
[2022.03.12-17.43.35:785][  0]NetworkingProfiler: Initialize
[2022.03.12-17.43.35:785][  0]NetworkingProfiler: OnSessionChanged
[2022.03.12-17.43.35:785][  0]MemoryProfiler: Initialize
[2022.03.12-17.43.35:785][  0]MemoryProfiler: OnSessionChanged
[2022.03.12-17.43.35:913][  0]LogCook: Display: CookSettings for Memory: MemoryMaxUsedVirtual 0MiB, MemoryMaxUsedPhysical 16384MiB, MemoryMinFreeVirtual 0MiB, MemoryMinFreePhysical 1024MiB
[2022.03.12-17.43.35:913][  0]LogCook: Display: Mobile HDR setting 1
[2022.03.12-17.43.36:020][  0]LogFileCache: Scanning file cache for directory 'D:/GitRepos/UE4Repos/ToonTanks/ToonTanks/Content/' took 0.00s
[2022.03.12-17.43.36:302][  0]LogInit: Display: Engine is initialized. Leaving FEngineLoop::Init()
[2022.03.12-17.43.36:305][  0]SourceControl: Source control is disabled
[2022.03.12-17.43.36:305][  0]LogUnrealEdMisc: Loading editor; pre map load, took 6.317
[2022.03.12-17.43.36:305][  0]Cmd: MAP LOAD FILE="D:/GitRepos/UE4Repos/ToonTanks/ToonTanks/Content/Maps/Main.umap" TEMPLATE=0 SHOWPROGRESS=1 FEATURELEVEL=3
[2022.03.12-17.43.36:306][  0]LightingResults: New page: Lighting Build
[2022.03.12-17.43.36:307][  0]LogWorld: UWorld::CleanupWorld for Untitled, bSessionEnded=true, bCleanupResources=true
[2022.03.12-17.43.36:307][  0]LogSlate: InvalidateAllWidgets triggered.  All widgets were invalidated
[2022.03.12-17.43.36:307][  0]MapCheck: New page: Map Check
[2022.03.12-17.43.36:307][  0]LightingResults: New page: Lighting Build
[2022.03.12-17.43.36:310][  0]LogAudio: Display: Audio Device unregistered from world 'None'.
[2022.03.12-17.43.36:313][  0]LogUObjectHash: Compacting FUObjectHashTables data took   0.80ms
[2022.03.12-17.43.36:379][  0]LogAudio: Display: Audio Device (ID: 1) registered with world 'Main'.
[2022.03.12-17.43.36:380][  0]LogAIModule: Creating AISystem for world Main
[2022.03.12-17.43.36:384][  0]LogEditorServer: Finished looking for orphan Actors (0.000 secs)
[2022.03.12-17.43.36:391][  0]LogUObjectHash: Compacting FUObjectHashTables data took   0.84ms
[2022.03.12-17.43.36:391][  0]Cmd: MAP CHECKDEP NOCLEARLOG
[2022.03.12-17.43.36:391][  0]MapCheck: Map check complete: 0 Error(s), 0 Warning(s), took 0.092ms to complete.
[2022.03.12-17.43.36:391][  0]LogFileHelpers: Loading map 'Main' took 0.086
[2022.03.12-17.43.36:393][  0]LogUnrealEdMisc: Total Editor Startup Time, took 6.404
[2022.03.12-17.43.36:781][  0]LogSlate: Only BGRA pngs, bmps or icos are supported in by External Image Picker
[2022.03.12-17.43.36:842][  0]LogSlate: Updating window title bar state: overlay mode, drag disabled, window buttons hidden, title bar hidden
[2022.03.12-17.43.36:847][  0]LogSlate: Updating window title bar state: overlay mode, drag disabled, window buttons hidden, title bar hidden
[2022.03.12-17.43.36:853][  0]LogSlate: Updating window title bar state: overlay mode, drag disabled, window buttons hidden, title bar hidden
[2022.03.12-17.43.36:857][  0]LogSlate: Updating window title bar state: overlay mode, drag disabled, window buttons hidden, title bar hidden
[2022.03.12-17.43.36:869][  0]LogNativeClassHierarchy: Verbose: Native class hierarchy populated in 0.0086 seconds. Added 3822 classes and 928 folders.
[2022.03.12-17.43.36:874][  0]LogNativeClassHierarchy: Verbose: Native class hierarchy updated for 'WidgetCarousel' in 0.0003 seconds. Added 0 classes and 0 folders.
[2022.03.12-17.43.36:876][  0]LogPakFile: PakFile PrimaryIndexSize=187
[2022.03.12-17.43.36:876][  0]LogPakFile: PakFile PathHashIndexSize=101
[2022.03.12-17.43.36:876][  0]LogPakFile: PakFile FullDirectoryIndexSize=148
[2022.03.12-17.43.36:876][  0]LogShaderLibrary: Display: ShaderCodeLibraryPakFileMountedCallback: PakFile 'F:/EpicOyunlar/UE_4.27/FeaturePacks/FP_FirstPerson.upack' (chunk index -1, root 'root:/') mounted
[2022.03.12-17.43.36:876][  0]LogShaderLibrary: Display: ShaderCodeLibraryPakFileMountedCallback: pending pak file info (ChunkID:-1 Root:root:/ File:F:/EpicOyunlar/UE_4.27/FeaturePacks/FP_FirstPerson.upack)
[2022.03.12-17.43.36:876][  0]LogPakFile: OnPakFileMounted2Time == 0.000060
[2022.03.12-17.43.36:877][  0]LogPakFile: PakFile PrimaryIndexSize=189
[2022.03.12-17.43.36:877][  0]LogPakFile: PakFile PathHashIndexSize=101
[2022.03.12-17.43.36:877][  0]LogPakFile: PakFile FullDirectoryIndexSize=152
[2022.03.12-17.43.36:877][  0]LogShaderLibrary: Display: ShaderCodeLibraryPakFileMountedCallback: PakFile 'F:/EpicOyunlar/UE_4.27/FeaturePacks/FP_FirstPersonBP.upack' (chunk index -1, root 'root:/') mounted
[2022.03.12-17.43.36:877][  0]LogShaderLibrary: Display: ShaderCodeLibraryPakFileMountedCallback: pending pak file info (ChunkID:-1 Root:root:/ File:F:/EpicOyunlar/UE_4.27/FeaturePacks/FP_FirstPersonBP.upack)
[2022.03.12-17.43.36:877][  0]LogPakFile: OnPakFileMounted2Time == 0.000037
[2022.03.12-17.43.36:878][  0]LogPakFile: PakFile PrimaryIndexSize=191
[2022.03.12-17.43.36:878][  0]LogPakFile: PakFile PathHashIndexSize=101
[2022.03.12-17.43.36:878][  0]LogPakFile: PakFile FullDirectoryIndexSize=160
[2022.03.12-17.43.36:878][  0]LogShaderLibrary: Display: ShaderCodeLibraryPakFileMountedCallback: PakFile 'F:/EpicOyunlar/UE_4.27/FeaturePacks/MobileStarterContent.upack' (chunk index -1, root 'root:/') mounted
[2022.03.12-17.43.36:878][  0]LogShaderLibrary: Display: ShaderCodeLibraryPakFileMountedCallback: pending pak file info (ChunkID:-1 Root:root:/ File:F:/EpicOyunlar/UE_4.27/FeaturePacks/MobileStarterContent.upack)
[2022.03.12-17.43.36:878][  0]LogPakFile: OnPakFileMounted2Time == 0.000035
[2022.03.12-17.43.36:878][  0]LogPakFile: PakFile PrimaryIndexSize=185
[2022.03.12-17.43.36:878][  0]LogPakFile: PakFile PathHashIndexSize=101
[2022.03.12-17.43.36:878][  0]LogPakFile: PakFile FullDirectoryIndexSize=148
[2022.03.12-17.43.36:878][  0]LogShaderLibrary: Display: ShaderCodeLibraryPakFileMountedCallback: PakFile 'F:/EpicOyunlar/UE_4.27/FeaturePacks/StarterContent.upack' (chunk index -1, root 'root:/') mounted
[2022.03.12-17.43.36:878][  0]LogShaderLibrary: Display: ShaderCodeLibraryPakFileMountedCallback: pending pak file info (ChunkID:-1 Root:root:/ File:F:/EpicOyunlar/UE_4.27/FeaturePacks/StarterContent.upack)
[2022.03.12-17.43.36:878][  0]LogPakFile: OnPakFileMounted2Time == 0.000034
[2022.03.12-17.43.36:879][  0]LogPakFile: PakFile PrimaryIndexSize=190
[2022.03.12-17.43.36:879][  0]LogPakFile: PakFile PathHashIndexSize=101
[2022.03.12-17.43.36:879][  0]LogPakFile: PakFile FullDirectoryIndexSize=154
[2022.03.12-17.43.36:879][  0]LogShaderLibrary: Display: ShaderCodeLibraryPakFileMountedCallback: PakFile 'F:/EpicOyunlar/UE_4.27/FeaturePacks/TP_2DSideScroller.upack' (chunk index -1, root 'root:/') mounted
[2022.03.12-17.43.36:879][  0]LogShaderLibrary: Display: ShaderCodeLibraryPakFileMountedCallback: pending pak file info (ChunkID:-1 Root:root:/ File:F:/EpicOyunlar/UE_4.27/FeaturePacks/TP_2DSideScroller.upack)
[2022.03.12-17.43.36:879][  0]LogPakFile: OnPakFileMounted2Time == 0.000032
[2022.03.12-17.43.36:879][  0]LogPakFile: PakFile PrimaryIndexSize=192
[2022.03.12-17.43.36:879][  0]LogPakFile: PakFile PathHashIndexSize=101
[2022.03.12-17.43.36:879][  0]LogPakFile: PakFile FullDirectoryIndexSize=158
[2022.03.12-17.43.36:879][  0]LogShaderLibrary: Display: ShaderCodeLibraryPakFileMountedCallback: PakFile 'F:/EpicOyunlar/UE_4.27/FeaturePacks/TP_2DSideScrollerBP.upack' (chunk index -1, root 'root:/') mounted
[2022.03.12-17.43.36:879][  0]LogShaderLibrary: Display: ShaderCodeLibraryPakFileMountedCallback: pending pak file info (ChunkID:-1 Root:root:/ File:F:/EpicOyunlar/UE_4.27/FeaturePacks/TP_2DSideScrollerBP.upack)
[2022.03.12-17.43.36:879][  0]LogPakFile: OnPakFileMounted2Time == 0.000032
[2022.03.12-17.43.36:880][  0]LogPakFile: PakFile PrimaryIndexSize=182
[2022.03.12-17.43.36:880][  0]LogPakFile: PakFile PathHashIndexSize=101
[2022.03.12-17.43.36:880][  0]LogPakFile: PakFile FullDirectoryIndexSize=138
[2022.03.12-17.43.36:880][  0]LogShaderLibrary: Display: ShaderCodeLibraryPakFileMountedCallback: PakFile 'F:/EpicOyunlar/UE_4.27/FeaturePacks/TP_Flying.upack' (chunk index -1, root 'root:/') mounted
[2022.03.12-17.43.36:880][  0]LogShaderLibrary: Display: ShaderCodeLibraryPakFileMountedCallback: pending pak file info (ChunkID:-1 Root:root:/ File:F:/EpicOyunlar/UE_4.27/FeaturePacks/TP_Flying.upack)
[2022.03.12-17.43.36:880][  0]LogPakFile: OnPakFileMounted2Time == 0.000032
[2022.03.12-17.43.36:881][  0]LogPakFile: PakFile PrimaryIndexSize=184
[2022.03.12-17.43.36:881][  0]LogPakFile: PakFile PathHashIndexSize=101
[2022.03.12-17.43.36:881][  0]LogPakFile: PakFile FullDirectoryIndexSize=142
[2022.03.12-17.43.36:881][  0]LogShaderLibrary: Display: ShaderCodeLibraryPakFileMountedCallback: PakFile 'F:/EpicOyunlar/UE_4.27/FeaturePacks/TP_FlyingBP.upack' (chunk index -1, root 'root:/') mounted
[2022.03.12-17.43.36:881][  0]LogShaderLibrary: Display: ShaderCodeLibraryPakFileMountedCallback: pending pak file info (ChunkID:-1 Root:root:/ File:F:/EpicOyunlar/UE_4.27/FeaturePacks/TP_FlyingBP.upack)
[2022.03.12-17.43.36:881][  0]LogPakFile: OnPakFileMounted2Time == 0.000035
[2022.03.12-17.43.36:881][  0]LogPakFile: PakFile PrimaryIndexSize=188
[2022.03.12-17.43.36:881][  0]LogPakFile: PakFile PathHashIndexSize=101
[2022.03.12-17.43.36:881][  0]LogPakFile: PakFile FullDirectoryIndexSize=150
[2022.03.12-17.43.36:881][  0]LogShaderLibrary: Display: ShaderCodeLibraryPakFileMountedCallback: PakFile 'F:/EpicOyunlar/UE_4.27/FeaturePacks/TP_HandheldARBP.upack' (chunk index -1, root 'root:/') mounted
[2022.03.12-17.43.36:881][  0]LogShaderLibrary: Display: ShaderCodeLibraryPakFileMountedCallback: pending pak file info (ChunkID:-1 Root:root:/ File:F:/EpicOyunlar/UE_4.27/FeaturePacks/TP_HandheldARBP.upack)
[2022.03.12-17.43.36:881][  0]LogPakFile: OnPakFileMounted2Time == 0.000047
[2022.03.12-17.43.36:882][  0]LogPakFile: PakFile PrimaryIndexSize=182
[2022.03.12-17.43.36:882][  0]LogPakFile: PakFile PathHashIndexSize=101
[2022.03.12-17.43.36:882][  0]LogPakFile: PakFile FullDirectoryIndexSize=138
[2022.03.12-17.43.36:882][  0]LogShaderLibrary: Display: ShaderCodeLibraryPakFileMountedCallback: PakFile 'F:/EpicOyunlar/UE_4.27/FeaturePacks/TP_Puzzle.upack' (chunk index -1, root 'root:/') mounted
[2022.03.12-17.43.36:882][  0]LogShaderLibrary: Display: ShaderCodeLibraryPakFileMountedCallback: pending pak file info (ChunkID:-1 Root:root:/ File:F:/EpicOyunlar/UE_4.27/FeaturePacks/TP_Puzzle.upack)
[2022.03.12-17.43.36:882][  0]LogPakFile: OnPakFileMounted2Time == 0.000032
[2022.03.12-17.43.36:883][  0]LogPakFile: PakFile PrimaryIndexSize=184
[2022.03.12-17.43.36:883][  0]LogPakFile: PakFile PathHashIndexSize=101
[2022.03.12-17.43.36:883][  0]LogPakFile: PakFile FullDirectoryIndexSize=142
[2022.03.12-17.43.36:883][  0]LogShaderLibrary: Display: ShaderCodeLibraryPakFileMountedCallback: PakFile 'F:/EpicOyunlar/UE_4.27/FeaturePacks/TP_PuzzleBP.upack' (chunk index -1, root 'root:/') mounted
[2022.03.12-17.43.36:883][  0]LogShaderLibrary: Display: ShaderCodeLibraryPakFileMountedCallback: pending pak file info (ChunkID:-1 Root:root:/ File:F:/EpicOyunlar/UE_4.27/FeaturePacks/TP_PuzzleBP.upack)
[2022.03.12-17.43.36:883][  0]LogPakFile: OnPakFileMounted2Time == 0.000034
[2022.03.12-17.43.36:884][  0]LogPakFile: PakFile PrimaryIndexSize=183
[2022.03.12-17.43.36:884][  0]LogPakFile: PakFile PathHashIndexSize=101
[2022.03.12-17.43.36:884][  0]LogPakFile: PakFile FullDirectoryIndexSize=140
[2022.03.12-17.43.36:884][  0]LogShaderLibrary: Display: ShaderCodeLibraryPakFileMountedCallback: PakFile 'F:/EpicOyunlar/UE_4.27/FeaturePacks/TP_Rolling.upack' (chunk index -1, root 'root:/') mounted
[2022.03.12-17.43.36:884][  0]LogShaderLibrary: Display: ShaderCodeLibraryPakFileMountedCallback: pending pak file info (ChunkID:-1 Root:root:/ File:F:/EpicOyunlar/UE_4.27/FeaturePacks/TP_Rolling.upack)
[2022.03.12-17.43.36:884][  0]LogPakFile: OnPakFileMounted2Time == 0.000031
[2022.03.12-17.43.36:885][  0]LogPakFile: PakFile PrimaryIndexSize=185
[2022.03.12-17.43.36:885][  0]LogPakFile: PakFile PathHashIndexSize=101
[2022.03.12-17.43.36:885][  0]LogPakFile: PakFile FullDirectoryIndexSize=144
[2022.03.12-17.43.36:885][  0]LogShaderLibrary: Display: ShaderCodeLibraryPakFileMountedCallback: PakFile 'F:/EpicOyunlar/UE_4.27/FeaturePacks/TP_RollingBP.upack' (chunk index -1, root 'root:/') mounted
[2022.03.12-17.43.36:885][  0]LogShaderLibrary: Display: ShaderCodeLibraryPakFileMountedCallback: pending pak file info (ChunkID:-1 Root:root:/ File:F:/EpicOyunlar/UE_4.27/FeaturePacks/TP_RollingBP.upack)
[2022.03.12-17.43.36:885][  0]LogPakFile: OnPakFileMounted2Time == 0.000032
[2022.03.12-17.43.36:886][  0]LogPakFile: PakFile PrimaryIndexSize=188
[2022.03.12-17.43.36:886][  0]LogPakFile: PakFile PathHashIndexSize=101
[2022.03.12-17.43.36:886][  0]LogPakFile: PakFile FullDirectoryIndexSize=150
[2022.03.12-17.43.36:886][  0]LogShaderLibrary: Display: ShaderCodeLibraryPakFileMountedCallback: PakFile 'F:/EpicOyunlar/UE_4.27/FeaturePacks/TP_SideScroller.upack' (chunk index -1, root 'root:/') mounted
[2022.03.12-17.43.36:886][  0]LogShaderLibrary: Display: ShaderCodeLibraryPakFileMountedCallback: pending pak file info (ChunkID:-1 Root:root:/ File:F:/EpicOyunlar/UE_4.27/FeaturePacks/TP_SideScroller.upack)
[2022.03.12-17.43.36:886][  0]LogPakFile: OnPakFileMounted2Time == 0.000032
[2022.03.12-17.43.36:886][  0]LogPakFile: PakFile PrimaryIndexSize=190
[2022.03.12-17.43.36:886][  0]LogPakFile: PakFile PathHashIndexSize=101
[2022.03.12-17.43.36:886][  0]LogPakFile: PakFile FullDirectoryIndexSize=154
[2022.03.12-17.43.36:886][  0]LogShaderLibrary: Display: ShaderCodeLibraryPakFileMountedCallback: PakFile 'F:/EpicOyunlar/UE_4.27/FeaturePacks/TP_SideScrollerBP.upack' (chunk index -1, root 'root:/') mounted
[2022.03.12-17.43.36:886][  0]LogShaderLibrary: Display: ShaderCodeLibraryPakFileMountedCallback: pending pak file info (ChunkID:-1 Root:root:/ File:F:/EpicOyunlar/UE_4.27/FeaturePacks/TP_SideScrollerBP.upack)
[2022.03.12-17.43.36:886][  0]LogPakFile: OnPakFileMounted2Time == 0.000034
[2022.03.12-17.43.36:887][  0]LogPakFile: PakFile PrimaryIndexSize=187
[2022.03.12-17.43.36:887][  0]LogPakFile: PakFile PathHashIndexSize=101
[2022.03.12-17.43.36:887][  0]LogPakFile: PakFile FullDirectoryIndexSize=148
[2022.03.12-17.43.36:887][  0]LogShaderLibrary: Display: ShaderCodeLibraryPakFileMountedCallback: PakFile 'F:/EpicOyunlar/UE_4.27/FeaturePacks/TP_ThirdPerson.upack' (chunk index -1, root 'root:/') mounted
[2022.03.12-17.43.36:887][  0]LogShaderLibrary: Display: ShaderCodeLibraryPakFileMountedCallback: pending pak file info (ChunkID:-1 Root:root:/ File:F:/EpicOyunlar/UE_4.27/FeaturePacks/TP_ThirdPerson.upack)
[2022.03.12-17.43.36:887][  0]LogPakFile: OnPakFileMounted2Time == 0.000031
[2022.03.12-17.43.36:887][  0]LogPakFile: PakFile PrimaryIndexSize=189
[2022.03.12-17.43.36:887][  0]LogPakFile: PakFile PathHashIndexSize=101
[2022.03.12-17.43.36:887][  0]LogPakFile: PakFile FullDirectoryIndexSize=152
[2022.03.12-17.43.36:887][  0]LogShaderLibrary: Display: ShaderCodeLibraryPakFileMountedCallback: PakFile 'F:/EpicOyunlar/UE_4.27/FeaturePacks/TP_ThirdPersonBP.upack' (chunk index -1, root 'root:/') mounted
[2022.03.12-17.43.36:887][  0]LogShaderLibrary: Display: ShaderCodeLibraryPakFileMountedCallback: pending pak file info (ChunkID:-1 Root:root:/ File:F:/EpicOyunlar/UE_4.27/FeaturePacks/TP_ThirdPersonBP.upack)
[2022.03.12-17.43.36:887][  0]LogPakFile: OnPakFileMounted2Time == 0.000032
[2022.03.12-17.43.36:888][  0]LogPakFile: PakFile PrimaryIndexSize=183
[2022.03.12-17.43.36:888][  0]LogPakFile: PakFile PathHashIndexSize=101
[2022.03.12-17.43.36:888][  0]LogPakFile: PakFile FullDirectoryIndexSize=140
[2022.03.12-17.43.36:888][  0]LogShaderLibrary: Display: ShaderCodeLibraryPakFileMountedCallback: PakFile 'F:/EpicOyunlar/UE_4.27/FeaturePacks/TP_TopDown.upack' (chunk index -1, root 'root:/') mounted
[2022.03.12-17.43.36:888][  0]LogShaderLibrary: Display: ShaderCodeLibraryPakFileMountedCallback: pending pak file info (ChunkID:-1 Root:root:/ File:F:/EpicOyunlar/UE_4.27/FeaturePacks/TP_TopDown.upack)
[2022.03.12-17.43.36:888][  0]LogPakFile: OnPakFileMounted2Time == 0.000062
[2022.03.12-17.43.36:889][  0]LogPakFile: PakFile PrimaryIndexSize=185
[2022.03.12-17.43.36:889][  0]LogPakFile: PakFile PathHashIndexSize=101
[2022.03.12-17.43.36:889][  0]LogPakFile: PakFile FullDirectoryIndexSize=144
[2022.03.12-17.43.36:889][  0]LogShaderLibrary: Display: ShaderCodeLibraryPakFileMountedCallback: PakFile 'F:/EpicOyunlar/UE_4.27/FeaturePacks/TP_TopDownBP.upack' (chunk index -1, root 'root:/') mounted
[2022.03.12-17.43.36:889][  0]LogShaderLibrary: Display: ShaderCodeLibraryPakFileMountedCallback: pending pak file info (ChunkID:-1 Root:root:/ File:F:/EpicOyunlar/UE_4.27/FeaturePacks/TP_TopDownBP.upack)
[2022.03.12-17.43.36:889][  0]LogPakFile: OnPakFileMounted2Time == 0.000038
[2022.03.12-17.43.36:889][  0]LogPakFile: PakFile PrimaryIndexSize=185
[2022.03.12-17.43.36:889][  0]LogPakFile: PakFile PathHashIndexSize=101
[2022.03.12-17.43.36:889][  0]LogPakFile: PakFile FullDirectoryIndexSize=144
[2022.03.12-17.43.36:889][  0]LogShaderLibrary: Display: ShaderCodeLibraryPakFileMountedCallback: PakFile 'F:/EpicOyunlar/UE_4.27/FeaturePacks/TP_TwinStick.upack' (chunk index -1, root 'root:/') mounted
[2022.03.12-17.43.36:890][  0]LogShaderLibrary: Display: ShaderCodeLibraryPakFileMountedCallback: pending pak file info (ChunkID:-1 Root:root:/ File:F:/EpicOyunlar/UE_4.27/FeaturePacks/TP_TwinStick.upack)
[2022.03.12-17.43.36:890][  0]LogPakFile: OnPakFileMounted2Time == 0.000056
[2022.03.12-17.43.36:890][  0]LogPakFile: PakFile PrimaryIndexSize=187
[2022.03.12-17.43.36:890][  0]LogPakFile: PakFile PathHashIndexSize=101
[2022.03.12-17.43.36:890][  0]LogPakFile: PakFile FullDirectoryIndexSize=148
[2022.03.12-17.43.36:890][  0]LogShaderLibrary: Display: ShaderCodeLibraryPakFileMountedCallback: PakFile 'F:/EpicOyunlar/UE_4.27/FeaturePacks/TP_TwinStickBP.upack' (chunk index -1, root 'root:/') mounted
[2022.03.12-17.43.36:890][  0]LogShaderLibrary: Display: ShaderCodeLibraryPakFileMountedCallback: pending pak file info (ChunkID:-1 Root:root:/ File:F:/EpicOyunlar/UE_4.27/FeaturePacks/TP_TwinStickBP.upack)
[2022.03.12-17.43.36:890][  0]LogPakFile: OnPakFileMounted2Time == 0.000031
[2022.03.12-17.43.36:891][  0]LogPakFile: PakFile PrimaryIndexSize=183
[2022.03.12-17.43.36:891][  0]LogPakFile: PakFile PathHashIndexSize=101
[2022.03.12-17.43.36:891][  0]LogPakFile: PakFile FullDirectoryIndexSize=140
[2022.03.12-17.43.36:891][  0]LogShaderLibrary: Display: ShaderCodeLibraryPakFileMountedCallback: PakFile 'F:/EpicOyunlar/UE_4.27/FeaturePacks/TP_Vehicle.upack' (chunk index -1, root 'root:/') mounted
[2022.03.12-17.43.36:891][  0]LogShaderLibrary: Display: ShaderCodeLibraryPakFileMountedCallback: pending pak file info (ChunkID:-1 Root:root:/ File:F:/EpicOyunlar/UE_4.27/FeaturePacks/TP_Vehicle.upack)
[2022.03.12-17.43.36:891][  0]LogPakFile: OnPakFileMounted2Time == 0.000031
[2022.03.12-17.43.36:892][  0]LogPakFile: PakFile PrimaryIndexSize=186
[2022.03.12-17.43.36:892][  0]LogPakFile: PakFile PathHashIndexSize=101
[2022.03.12-17.43.36:892][  0]LogPakFile: PakFile FullDirectoryIndexSize=146
[2022.03.12-17.43.36:892][  0]LogShaderLibrary: Display: ShaderCodeLibraryPakFileMountedCallback: PakFile 'F:/EpicOyunlar/UE_4.27/FeaturePacks/TP_VehicleAdv.upack' (chunk index -1, root 'root:/') mounted
[2022.03.12-17.43.36:892][  0]LogShaderLibrary: Display: ShaderCodeLibraryPakFileMountedCallback: pending pak file info (ChunkID:-1 Root:root:/ File:F:/EpicOyunlar/UE_4.27/FeaturePacks/TP_VehicleAdv.upack)
[2022.03.12-17.43.36:892][  0]LogPakFile: OnPakFileMounted2Time == 0.000031
[2022.03.12-17.43.36:893][  0]LogPakFile: PakFile PrimaryIndexSize=188
[2022.03.12-17.43.36:893][  0]LogPakFile: PakFile PathHashIndexSize=101
[2022.03.12-17.43.36:893][  0]LogPakFile: PakFile FullDirectoryIndexSize=150
[2022.03.12-17.43.36:893][  0]LogShaderLibrary: Display: ShaderCodeLibraryPakFileMountedCallback: PakFile 'F:/EpicOyunlar/UE_4.27/FeaturePacks/TP_VehicleAdvBP.upack' (chunk index -1, root 'root:/') mounted
[2022.03.12-17.43.36:893][  0]LogShaderLibrary: Display: ShaderCodeLibraryPakFileMountedCallback: pending pak file info (ChunkID:-1 Root:root:/ File:F:/EpicOyunlar/UE_4.27/FeaturePacks/TP_VehicleAdvBP.upack)
[2022.03.12-17.43.36:893][  0]LogPakFile: OnPakFileMounted2Time == 0.000035
[2022.03.12-17.43.36:893][  0]LogPakFile: PakFile PrimaryIndexSize=185
[2022.03.12-17.43.36:894][  0]LogPakFile: PakFile PathHashIndexSize=101
[2022.03.12-17.43.36:894][  0]LogPakFile: PakFile FullDirectoryIndexSize=144
[2022.03.12-17.43.36:894][  0]LogShaderLibrary: Display: ShaderCodeLibraryPakFileMountedCallback: PakFile 'F:/EpicOyunlar/UE_4.27/FeaturePacks/TP_VehicleBP.upack' (chunk index -1, root 'root:/') mounted
[2022.03.12-17.43.36:894][  0]LogShaderLibrary: Display: ShaderCodeLibraryPakFileMountedCallback: pending pak file info (ChunkID:-1 Root:root:/ File:F:/EpicOyunlar/UE_4.27/FeaturePacks/TP_VehicleBP.upack)
[2022.03.12-17.43.36:894][  0]LogPakFile: OnPakFileMounted2Time == 0.000032
[2022.03.12-17.43.36:894][  0]LogPakFile: PakFile PrimaryIndexSize=192
[2022.03.12-17.43.36:894][  0]LogPakFile: PakFile PathHashIndexSize=101
[2022.03.12-17.43.36:894][  0]LogPakFile: PakFile FullDirectoryIndexSize=158
[2022.03.12-17.43.36:894][  0]LogShaderLibrary: Display: ShaderCodeLibraryPakFileMountedCallback: PakFile 'F:/EpicOyunlar/UE_4.27/FeaturePacks/TP_VirtualRealityBP.upack' (chunk index -1, root 'root:/') mounted
[2022.03.12-17.43.36:894][  0]LogShaderLibrary: Display: ShaderCodeLibraryPakFileMountedCallback: pending pak file info (ChunkID:-1 Root:root:/ File:F:/EpicOyunlar/UE_4.27/FeaturePacks/TP_VirtualRealityBP.upack)
[2022.03.12-17.43.36:894][  0]LogPakFile: OnPakFileMounted2Time == 0.000031
[2022.03.12-17.43.36:942][  0]LogNativeClassHierarchy: Verbose: Native class hierarchy updated for 'AddContentDialog' in 0.0003 seconds. Added 0 classes and 0 folders.
[2022.03.12-17.43.36:948][  0]LogNativeClassHierarchy: Verbose: Native class hierarchy updated for 'SceneOutliner' in 0.0002 seconds. Added 2 classes and 0 folders.
[2022.03.12-17.43.37:016][  0]LogNativeClassHierarchy: Verbose: Native class hierarchy updated for 'HierarchicalLODOutliner' in 0.0005 seconds. Added 0 classes and 0 folders.
[2022.03.12-17.43.37:016][  0]LogLoad: (Engine Initialization) Total time: 7.03 seconds
[2022.03.12-17.43.37:016][  0]LogLoad: (Engine Initialization) Total Blueprint compile time: 0.00 seconds
[2022.03.12-17.43.37:081][  0]LogRenderer: Reallocating scene render targets to support 64x64 Format 10 NumSamples 1 (Frame:1).
[2022.03.12-17.43.37:081][  0]LogAssetRegistry: Asset discovery search completed in 4.1108 seconds
[2022.03.12-17.43.37:088][  0]LogCollectionManager: Fixed up redirectors for 0 collections in 0.000003 seconds (updated 0 objects)
[2022.03.12-17.43.37:089][  0]LogContentStreaming: Texture pool size now 1000 MB
[2022.03.12-17.43.37:097][  0]LogSlate: Took 0.000280 seconds to synchronously load lazily loaded font '../../../Engine/Content/Slate/Fonts/Roboto-Regular.ttf' (155K)
[2022.03.12-17.43.37:098][  0]LogSlate: Took 0.000145 seconds to synchronously load lazily loaded font '../../../Engine/Content/Editor/Slate/Fonts/FontAwesome.ttf' (139K)
[2022.03.12-17.43.37:099][  0]LogSlate: Took 0.000251 seconds to synchronously load lazily loaded font '../../../Engine/Content/Slate/Fonts/Roboto-Bold.ttf' (160K)
[2022.03.12-17.43.37:740][  0]LogRenderer: Reallocating scene render targets to support 756x412 Format 10 NumSamples 1 (Frame:1).
[2022.03.12-17.43.37:740][  0]LogSlate: Took 0.000343 seconds to synchronously load lazily loaded font '../../../Engine/Content/Slate/Fonts/Roboto-Light.ttf' (167K)
[2022.03.12-17.43.41:383][ 41]LogRenderer: Reallocating scene render targets to support 1136x660 Format 10 NumSamples 1 (Frame:29).
